00000.jpg:[[('n04263257', 'soup_bowl', 0.96380866), ('n07831146', 'carbonara', 0.014287813), ('n07714990', 'broccoli', 0.005780516)]]
00010.jpg:[[('n07579787', 'plate', 0.76719064), ('n07583066', 'guacamole', 0.045539215), ('n07697537', 'hotdog', 0.038528513)]]
00020.jpg:[[('n02776631', 'bakery', 0.7832293), ('n07875152', 'potpie', 0.0644003), ('n04476259', 'tray', 0.050149072)]]
00030.jpg:[[('n04263257', 'soup_bowl', 0.8377435), ('n07584110', 'consomme', 0.050771046), ('n07930864', 'cup', 0.012542519)]]
00040.jpg:[[('n07716906', 'spaghetti_squash', 0.2249125), ('n07697537', 'hotdog', 0.15445204), ('n07717556', 'butternut_squash', 0.12349708)]]
00050.jpg:[[('n07873807', 'pizza', 0.38208592), ('n04270147', 'spatula', 0.34398606), ('n04111531', 'rotisserie', 0.13415931)]]
00060.jpg:[[('n07584110', 'consomme', 0.9964401), ('n07920052', 'espresso', 0.0030429175), ('n04263257', 'soup_bowl', 0.0002774758)]]
00070.jpg:[[('n07697313', 'cheeseburger', 0.66923696), ('n07697537', 'hotdog', 0.28869516), ('n07880968', 'burrito', 0.020615168)]]
00080.jpg:[[('n07565083', 'menu', 0.25701126), ('n07873807', 'pizza', 0.21989), ('n07579787', 'plate', 0.17167631)]]
00090.jpg:[[('n07579787', 'plate', 0.87875056), ('n07717410', 'acorn_squash', 0.043286297), ('n07716906', 'spaghetti_squash', 0.030618275)]]
00100.jpg:[[('n07697313', 'cheeseburger', 0.43457165), ('n07579787', 'plate', 0.28814575), ('n07583066', 'guacamole', 0.043835297)]]
00110.jpg:[[('n07579787', 'plate', 0.39694092), ('n07715103', 'cauliflower', 0.12871456), ('n12144580', 'corn', 0.09381623)]]
00120.jpg:[[('n07684084', 'French_loaf', 0.72593117), ('n07579787', 'plate', 0.053506315), ('n02776631', 'bakery', 0.05328674)]]
00130.jpg:[[('n02776631', 'bakery', 0.64259434), ('n02927161', 'butcher_shop', 0.1265779), ('n07695742', 'pretzel', 0.045359537)]]
00140.jpg:[[('n04263257', 'soup_bowl', 0.88223046), ('n07932039', 'eggnog', 0.039397486), ('n03633091', 'ladle', 0.019971235)]]
00150.jpg:[[('n07614500', 'ice_cream', 0.9856103), ('n07615774', 'ice_lolly', 0.002414119), ('n02776631', 'bakery', 0.0022328824)]]
00160.jpg:[[('n07584110', 'consomme', 0.96335727), ('n04263257', 'soup_bowl', 0.03621301), ('n07930864', 'cup', 0.00015918285)]]
00170.jpg:[[('n07711569', 'mashed_potato', 0.2170457), ('n07579787', 'plate', 0.120356455), ('n07715103', 'cauliflower', 0.08000985)]]
00180.jpg:[[('n02776631', 'bakery', 0.37579256), ('n07579787', 'plate', 0.3177149), ('n07614500', 'ice_cream', 0.10050359)]]
00190.jpg:[[('n07697537', 'hotdog', 0.594615), ('n07697313', 'cheeseburger', 0.35877576), ('n07579787', 'plate', 0.035468567)]]
00200.jpg:[[('n03400231', 'frying_pan', 0.25431678), ('n07697313', 'cheeseburger', 0.17995209), ('n07871810', 'meat_loaf', 0.15946597)]]
00210.jpg:[[('n07693725', 'bagel', 0.5769895), ('n07695742', 'pretzel', 0.20129666), ('n02776631', 'bakery', 0.052921407)]]
00220.jpg:[[('n07614500', 'ice_cream', 0.94713587), ('n07860988', 'dough', 0.028025586), ('n07715103', 'cauliflower', 0.017533649)]]
00230.jpg:[[('n07873807', 'pizza', 0.98627114), ('n07875152', 'potpie', 0.012095472), ('n03400231', 'frying_pan', 0.0012556129)]]
00240.jpg:[[('n07745940', 'strawberry', 0.9759588), ('n07613480', 'trifle', 0.009643706), ('n04259630', 'sombrero', 0.0072497567)]]
00250.jpg:[[('n07697537', 'hotdog', 0.98004377), ('n04476259', 'tray', 0.0047415686), ('n07693725', 'bagel', 0.0034467925)]]
00260.jpg:[[('n07579787', 'plate', 0.77842283), ('n10148035', 'groom', 0.098235205), ('n12144580', 'corn', 0.026192892)]]
00270.jpg:[[('n07579787', 'plate', 0.5669972), ('n07614500', 'ice_cream', 0.10907482), ('n04476259', 'tray', 0.04492155)]]
00280.jpg:[[('n07711569', 'mashed_potato', 0.3370753), ('n07716906', 'spaghetti_squash', 0.33066413), ('n07717410', 'acorn_squash', 0.0885063)]]
00290.jpg:[[('n07697313', 'cheeseburger', 0.7370952), ('n07579787', 'plate', 0.11214717), ('n07880968', 'burrito', 0.04346102)]]
00300.jpg:[[('n07753592', 'banana', 0.3429106), ('n07753275', 'pineapple', 0.21221195), ('n07717410', 'acorn_squash', 0.06533039)]]
00310.jpg:[[('n07590611', 'hot_pot', 0.22120853), ('n07579787', 'plate', 0.12552322), ('n07584110', 'consomme', 0.11027844)]]
00320.jpg:[[('n07871810', 'meat_loaf', 0.6412645), ('n07711569', 'mashed_potato', 0.18344156), ('n07579787', 'plate', 0.15346232)]]
00330.jpg:[[('n07831146', 'carbonara', 0.9428854), ('n07579787', 'plate', 0.04463819), ('n04263257', 'soup_bowl', 0.002236544)]]
00340.jpg:[[('n07579787', 'plate', 0.5921689), ('n07880968', 'burrito', 0.07697664), ('n07697537', 'hotdog', 0.043243986)]]
00350.jpg:[[('n07717410', 'acorn_squash', 0.5503906), ('n07716906', 'spaghetti_squash', 0.12518412), ('n07583066', 'guacamole', 0.10080674)]]
00360.jpg:[[('n07584110', 'consomme', 0.42467958), ('n04263257', 'soup_bowl', 0.3183407), ('n07714990', 'broccoli', 0.089730226)]]
00370.jpg:[[('n07745940', 'strawberry', 0.9969037), ('n07768694', 'pomegranate', 0.0008009808), ('n07613480', 'trifle', 0.00077713496)]]
00380.jpg:[[('n07614500', 'ice_cream', 0.7790133), ('n07836838', 'chocolate_sauce', 0.19291109), ('n07613480', 'trifle', 0.011718064)]]
00390.jpg:[[('n02776631', 'bakery', 0.7353619), ('n01943899', 'conch', 0.109002404), ('n02948072', 'candle', 0.051967263)]]
00400.jpg:[[('n07579787', 'plate', 0.6494963), ('n07871810', 'meat_loaf', 0.25195032), ('n07711569', 'mashed_potato', 0.029589927)]]
00410.jpg:[[('n07747607', 'orange', 0.14197001), ('n07579787', 'plate', 0.14119497), ('n04596742', 'wok', 0.07568185)]]
00420.jpg:[[('n07579787', 'plate', 0.50951535), ('n07693725', 'bagel', 0.14322366), ('n07875152', 'potpie', 0.040198702)]]
00430.jpg:[[('n07579787', 'plate', 0.51090413), ('n07873807', 'pizza', 0.15629469), ('n04081281', 'restaurant', 0.05140028)]]
00440.jpg:[[('n07584110', 'consomme', 0.655446), ('n04263257', 'soup_bowl', 0.17559181), ('n07932039', 'eggnog', 0.079169355)]]
00450.jpg:[[('n07615774', 'ice_lolly', 0.8554208), ('n07753592', 'banana', 0.12567236), ('n07753275', 'pineapple', 0.0069100885)]]
00460.jpg:[[('n07614500', 'ice_cream', 0.25974154), ('n07579787', 'plate', 0.20918964), ('n07836838', 'chocolate_sauce', 0.1836231)]]
00470.jpg:[[('n07836838', 'chocolate_sauce', 0.87129766), ('n04542943', 'waffle_iron', 0.08883693), ('n07614500', 'ice_cream', 0.018131869)]]
00480.jpg:[[('n07579787', 'plate', 0.22671387), ('n07836838', 'chocolate_sauce', 0.1058133), ('n01983481', 'American_lobster', 0.07895862)]]
00490.jpg:[[('n04263257', 'soup_bowl', 0.57068247), ('n07584110', 'consomme', 0.29153308), ('n07590611', 'hot_pot', 0.03566837)]]
00500.jpg:[[('n02776631', 'bakery', 0.7477004), ('n02927161', 'butcher_shop', 0.033637468), ('n04443257', 'tobacco_shop', 0.024805091)]]
00510.jpg:[[('n07613480', 'trifle', 0.43282458), ('n07836838', 'chocolate_sauce', 0.19404447), ('n07579787', 'plate', 0.17423254)]]
00520.jpg:[[('n07579787', 'plate', 0.49945235), ('n04476259', 'tray', 0.16149487), ('n07614500', 'ice_cream', 0.09815713)]]
00530.jpg:[[('n07614500', 'ice_cream', 0.38154948), ('n07836838', 'chocolate_sauce', 0.3304058), ('n04442312', 'toaster', 0.03195628)]]
00540.jpg:[[('n07880968', 'burrito', 0.99919826), ('n07875152', 'potpie', 0.00061717554), ('n07583066', 'guacamole', 0.00011072875)]]
00550.jpg:[[('n07584110', 'consomme', 0.61156607), ('n04263257', 'soup_bowl', 0.12841292), ('n03786901', 'mortar', 0.04698424)]]
00560.jpg:[[('n07579787', 'plate', 0.5576992), ('n07875152', 'potpie', 0.061131906), ('n07684084', 'French_loaf', 0.0421721)]]
00570.jpg:[[('n13052670', 'hen-of-the-woods', 0.5806846), ('n07711569', 'mashed_potato', 0.057528526), ('n07734744', 'mushroom', 0.0502677)]]
00580.jpg:[[('n02948072', 'candle', 0.18175143), ('n02776631', 'bakery', 0.1591449), ('n07615774', 'ice_lolly', 0.08942412)]]
00590.jpg:[[('n07614500', 'ice_cream', 0.28746238), ('n07753275', 'pineapple', 0.14254026), ('n07579787', 'plate', 0.12411543)]]
00600.jpg:[[('n07614500', 'ice_cream', 0.8331741), ('n03443371', 'goblet', 0.08800144), ('n03109150', 'corkscrew', 0.011489986)]]
00610.jpg:[[('n07579787', 'plate', 0.48963287), ('n07711569', 'mashed_potato', 0.14554244), ('n07880968', 'burrito', 0.09097188)]]
00620.jpg:[[('n07714571', 'head_cabbage', 0.18209493), ('n04596742', 'wok', 0.15293856), ('n07715103', 'cauliflower', 0.1100715)]]
00630.jpg:[[('n04111531', 'rotisserie', 0.44205886), ('n07871810', 'meat_loaf', 0.34482518), ('n07711569', 'mashed_potato', 0.060299814)]]
00640.jpg:[[('n03786901', 'mortar', 0.20868999), ('n04596742', 'wok', 0.16025557), ('n03775546', 'mixing_bowl', 0.117669225)]]
00650.jpg:[[('n07873807', 'pizza', 0.9927235), ('n07875152', 'potpie', 0.0015521123), ('n07565083', 'menu', 0.0007405656)]]
00660.jpg:[[('n04263257', 'soup_bowl', 0.96717256), ('n07932039', 'eggnog', 0.012923821), ('n03920288', 'Petri_dish', 0.008934465)]]
00670.jpg:[[('n04596742', 'wok', 0.54042524), ('n03400231', 'frying_pan', 0.1096095), ('n07590611', 'hot_pot', 0.09706169)]]
00680.jpg:[[('n04263257', 'soup_bowl', 0.69796276), ('n07584110', 'consomme', 0.2619203), ('n07590611', 'hot_pot', 0.022001145)]]
00690.jpg:[[('n07579787', 'plate', 0.45487198), ('n04263257', 'soup_bowl', 0.17979224), ('n07880968', 'burrito', 0.13709085)]]
00700.jpg:[[('n07697313', 'cheeseburger', 0.3898663), ('n12144580', 'corn', 0.08784361), ('n07579787', 'plate', 0.07697773)]]
00710.jpg:[[('n07836838', 'chocolate_sauce', 0.26235616), ('n07614500', 'ice_cream', 0.15226264), ('n07871810', 'meat_loaf', 0.1032841)]]
00720.jpg:[[('n07613480', 'trifle', 0.47477126), ('n07614500', 'ice_cream', 0.3220733), ('n02776631', 'bakery', 0.037330333)]]
00730.jpg:[[('n07697537', 'hotdog', 0.95431507), ('n07880968', 'burrito', 0.020252658), ('n07583066', 'guacamole', 0.015504029)]]
00740.jpg:[[('n07613480', 'trifle', 0.3799671), ('n07614500', 'ice_cream', 0.25854608), ('n02948072', 'candle', 0.048902843)]]
00750.jpg:[[('n07579787', 'plate', 0.32028842), ('n07836838', 'chocolate_sauce', 0.2929508), ('n07614500', 'ice_cream', 0.14176635)]]
00760.jpg:[[('n07583066', 'guacamole', 0.21234457), ('n04476259', 'tray', 0.16622384), ('n07716358', 'zucchini', 0.095501125)]]
00770.jpg:[[('n07711569', 'mashed_potato', 0.3033107), ('n07579787', 'plate', 0.24262194), ('n04263257', 'soup_bowl', 0.06463982)]]
00780.jpg:[[('n07880968', 'burrito', 0.9799024), ('n07583066', 'guacamole', 0.007494101), ('n07614500', 'ice_cream', 0.005365613)]]
00790.jpg:[[('n07613480', 'trifle', 0.7530121), ('n07768694', 'pomegranate', 0.10420291), ('n02776631', 'bakery', 0.04478661)]]
00800.jpg:[[('n07836838', 'chocolate_sauce', 0.8790683), ('n07614500', 'ice_cream', 0.07921392), ('n07920052', 'espresso', 0.00504432)]]
00810.jpg:[[('n07831146', 'carbonara', 0.999767), ('n07579787', 'plate', 0.00017222378), ('n07716906', 'spaghetti_squash', 4.319792e-05)]]
00820.jpg:[[('n07932039', 'eggnog', 0.29057294), ('n07693725', 'bagel', 0.19026041), ('n07579787', 'plate', 0.09416166)]]
00830.jpg:[[('n07697313', 'cheeseburger', 0.8093868), ('n07697537', 'hotdog', 0.16740067), ('n07583066', 'guacamole', 0.008542691)]]
00840.jpg:[[('n04111531', 'rotisserie', 0.32131016), ('n07684084', 'French_loaf', 0.17471646), ('n04476259', 'tray', 0.15871125)]]
00850.jpg:[[('n07697537', 'hotdog', 0.98778665), ('n03729826', 'matchstick', 0.006381779), ('n02666196', 'abacus', 0.0014489512)]]
00860.jpg:[[('n07614500', 'ice_cream', 0.2203464), ('n04081281', 'restaurant', 0.16224054), ('n07753592', 'banana', 0.10591409)]]
00870.jpg:[[('n07579787', 'plate', 0.678057), ('n07615774', 'ice_lolly', 0.055882227), ('n07717556', 'butternut_squash', 0.032857075)]]
00880.jpg:[[('n07711569', 'mashed_potato', 0.50901014), ('n07871810', 'meat_loaf', 0.49070683), ('n07579787', 'plate', 0.00014923929)]]
00890.jpg:[[('n07579787', 'plate', 0.26515666), ('n07684084', 'French_loaf', 0.24684602), ('n07697313', 'cheeseburger', 0.13562381)]]
00900.jpg:[[('n07873807', 'pizza', 0.1291294), ('n07613480', 'trifle', 0.11206734), ('n02776631', 'bakery', 0.08204395)]]
00910.jpg:[[('n07747607', 'orange', 0.72612774), ('n07768694', 'pomegranate', 0.088820405), ('n07753592', 'banana', 0.05634645)]]
00920.jpg:[[('n07584110', 'consomme', 0.9945267), ('n07920052', 'espresso', 0.0026096958), ('n04263257', 'soup_bowl', 0.0020697461)]]
00930.jpg:[[('n04263257', 'soup_bowl', 0.5011259), ('n07584110', 'consomme', 0.3880904), ('n07590611', 'hot_pot', 0.035410736)]]
00940.jpg:[[('n07693725', 'bagel', 0.53068566), ('n07875152', 'potpie', 0.18107213), ('n07695742', 'pretzel', 0.090964936)]]
00950.jpg:[[('n07831146', 'carbonara', 0.99971193), ('n07579787', 'plate', 0.00026006706), ('n07716906', 'spaghetti_squash', 7.3995184e-06)]]
00960.jpg:[[('n07711569', 'mashed_potato', 0.60069495), ('n01981276', 'king_crab', 0.16506718), ('n07693725', 'bagel', 0.06862294)]]
00970.jpg:[[('n07873807', 'pizza', 0.99763286), ('n03400231', 'frying_pan', 0.00045493135), ('n07875152', 'potpie', 0.00040303107)]]
00980.jpg:[[('n04476259', 'tray', 0.35619956), ('n07836838', 'chocolate_sauce', 0.272249), ('n07579787', 'plate', 0.24288315)]]
00990.jpg:[[('n07579787', 'plate', 0.35241172), ('n07697537', 'hotdog', 0.13559279), ('n07684084', 'French_loaf', 0.11938392)]]
01000.jpg:[[('n02088238', 'basset', 0.9271814), ('n02089867', 'Walker_hound', 0.04682732), ('n02088364', 'beagle', 0.01310669)]]
01010.jpg:[[('n02108089', 'boxer', 0.31289607), ('n02093428', 'American_Staffordshire_terrier', 0.18416327), ('n02110806', 'basenji', 0.06459192)]]
01020.jpg:[[('n02127052', 'lynx', 0.5431291), ('n02123394', 'Persian_cat', 0.21470839), ('n02120079', 'Arctic_fox', 0.04593251)]]
01030.jpg:[[('n02123597', 'Siamese_cat', 0.99947053), ('n02124075', 'Egyptian_cat', 0.00037692938), ('n03887697', 'paper_towel', 2.2932245e-05)]]
01040.jpg:[[('n02093428', 'American_Staffordshire_terrier', 0.6773261), ('n02093256', 'Staffordshire_bullterrier', 0.16720146), ('n02108422', 'bull_mastiff', 0.115398325)]]
01050.jpg:[[('n02123394', 'Persian_cat', 0.9997849), ('n02127052', 'lynx', 8.0573736e-05), ('n02328150', 'Angora', 3.785119e-05)]]
01060.jpg:[[('n02093428', 'American_Staffordshire_terrier', 0.907689), ('n02093256', 'Staffordshire_bullterrier', 0.069002874), ('n02108422', 'bull_mastiff', 0.020337775)]]
01070.jpg:[[('n02100735', 'English_setter', 0.99540687), ('n02102318', 'cocker_spaniel', 0.0017550398), ('n02101556', 'clumber', 0.0010722635)]]
01080.jpg:[[('n03642806', 'laptop', 0.50674206), ('n04141975', 'scale', 0.11099716), ('n04004767', 'printer', 0.056875218)]]
01090.jpg:[[('n02111277', 'Newfoundland', 0.9889559), ('n02102318', 'cocker_spaniel', 0.004943872), ('n02108551', 'Tibetan_mastiff', 0.0034627991)]]
01100.jpg:[[('n02109525', 'Saint_Bernard', 0.9971053), ('n02107574', 'Greater_Swiss_Mountain_dog', 0.0012621088), ('n02111500', 'Great_Pyrenees', 0.00037073108)]]
01110.jpg:[[('n02109047', 'Great_Dane', 0.3849838), ('n02105412', 'kelpie', 0.09892021), ('n02110806', 'basenji', 0.094558)]]
01120.jpg:[[('n02124075', 'Egyptian_cat', 0.9758868), ('n02128757', 'snow_leopard', 0.00827719), ('n02127052', 'lynx', 0.0043827714)]]
01130.jpg:[[('n02107312', 'miniature_pinscher', 0.84114367), ('n02087046', 'toy_terrier', 0.1285907), ('n02107142', 'Doberman', 0.020007407)]]
01140.jpg:[[('n02108551', 'Tibetan_mastiff', 0.49357122), ('n02112137', 'chow', 0.34943843), ('n02112350', 'keeshond', 0.096005805)]]
01150.jpg:[[('n02326432', 'hare', 0.5314724), ('n02124075', 'Egyptian_cat', 0.16454892), ('n02127052', 'lynx', 0.0951784)]]
01160.jpg:[[('n02088364', 'beagle', 0.22407472), ('n03958227', 'plastic_bag', 0.19993696), ('n02091134', 'whippet', 0.056133553)]]
01170.jpg:[[('n02088238', 'basset', 0.93647176), ('n02088466', 'bloodhound', 0.04332155), ('n02089867', 'Walker_hound', 0.0101178745)]]
01180.jpg:[[('n02111129', 'Leonberg', 0.54841226), ('n02093754', 'Border_terrier', 0.4067882), ('n02105162', 'malinois', 0.013547313)]]
01190.jpg:[[('n02123597', 'Siamese_cat', 0.98086184), ('n02123394', 'Persian_cat', 0.011763777), ('n02328150', 'Angora', 0.004065844)]]
01200.jpg:[[('n02085782', 'Japanese_spaniel', 0.98354614), ('n02086646', 'Blenheim_spaniel', 0.006201207), ('n02086079', 'Pekinese', 0.003838531)]]
01210.jpg:[[('n02110958', 'pug', 0.9960949), ('n02112706', 'Brabancon_griffon', 0.002867309), ('n02091467', 'Norwegian_elkhound', 0.0007048381)]]
01221.jpg:[[('n02127052', 'lynx', 0.22532374), ('n02124075', 'Egyptian_cat', 0.16515376), ('n02123045', 'tabby', 0.14853473)]]
01231.jpg:[[('n02100735', 'English_setter', 0.98865414), ('n02110341', 'dalmatian', 0.00797309), ('n02101388', 'Brittany_spaniel', 0.000821319)]]
01241.jpg:[[('n02100236', 'German_short-haired_pointer', 0.9323413), ('n02088632', 'bluetick', 0.060182787), ('n02100735', 'English_setter', 0.005598373)]]
01251.jpg:[[('n02107142', 'Doberman', 0.8622879), ('n02100236', 'German_short-haired_pointer', 0.11886307), ('n02109047', 'Great_Dane', 0.010176836)]]
01261.jpg:[[('n02093428', 'American_Staffordshire_terrier', 0.7653958), ('n02108089', 'boxer', 0.065277405), ('n02093256', 'Staffordshire_bullterrier', 0.05268599)]]
01271.jpg:[[('n02110958', 'pug', 0.9987136), ('n02108915', 'French_bulldog', 0.00057181093), ('n02112706', 'Brabancon_griffon', 0.00038596868)]]
01281.jpg:[[('n02111129', 'Leonberg', 0.9824264), ('n02106662', 'German_shepherd', 0.009172131), ('n02088094', 'Afghan_hound', 0.0033324857)]]
01291.jpg:[[('n02096051', 'Airedale', 0.449123), ('n02107142', 'Doberman', 0.13153856), ('n02095570', 'Lakeland_terrier', 0.109121695)]]
01301.jpg:[[('n02113023', 'Pembroke', 0.4442536), ('n02115641', 'dingo', 0.14962783), ('n02085620', 'Chihuahua', 0.09592698)]]
01311.jpg:[[('n02111889', 'Samoyed', 0.8791482), ('n02114548', 'white_wolf', 0.071567856), ('n02120079', 'Arctic_fox', 0.0418391)]]
01321.jpg:[[('n02109047', 'Great_Dane', 0.9657873), ('n02093428', 'American_Staffordshire_terrier', 0.010075839), ('n02108089', 'boxer', 0.008937849)]]
01331.jpg:[[('n02111129', 'Leonberg', 0.908031), ('n02105056', 'groenendael', 0.032257304), ('n02108551', 'Tibetan_mastiff', 0.017896865)]]
01341.jpg:[[('n02108089', 'boxer', 0.98415357), ('n02109525', 'Saint_Bernard', 0.0110382065), ('n02108422', 'bull_mastiff', 0.0014702555)]]
01351.jpg:[[('n02097474', 'Tibetan_terrier', 0.7059518), ('n02098413', 'Lhasa', 0.18462788), ('n02086240', 'Shih-Tzu', 0.067706674)]]
01361.jpg:[[('n02094433', 'Yorkshire_terrier', 0.830404), ('n02087046', 'toy_terrier', 0.08554131), ('n02112706', 'Brabancon_griffon', 0.025499573)]]
01371.jpg:[[('n02101006', 'Gordon_setter', 0.9236672), ('n02102318', 'cocker_spaniel', 0.012865006), ('n03325584', 'feather_boa', 0.010806943)]]
01381.jpg:[[('n02111500', 'Great_Pyrenees', 0.6935229), ('n02104029', 'kuvasz', 0.21816298), ('n02099601', 'golden_retriever', 0.07095695)]]
01391.jpg:[[('n02088238', 'basset', 0.75337553), ('n02088364', 'beagle', 0.19742958), ('n02089867', 'Walker_hound', 0.045016985)]]
01401.jpg:[[('n02124075', 'Egyptian_cat', 0.32627782), ('n02123597', 'Siamese_cat', 0.16665754), ('n02120079', 'Arctic_fox', 0.06258965)]]
01411.jpg:[[('n02113624', 'toy_poodle', 0.50833994), ('n02113712', 'miniature_poodle', 0.11927126), ('n02085936', 'Maltese_dog', 0.11815138)]]
01421.jpg:[[('n02110958', 'pug', 0.7531786), ('n02108422', 'bull_mastiff', 0.13802943), ('n02108089', 'boxer', 0.05493694)]]
01431.jpg:[[('n02100735', 'English_setter', 0.94484586), ('n02110341', 'dalmatian', 0.017707752), ('n02102040', 'English_springer', 0.015518103)]]
01441.jpg:[[('n02093256', 'Staffordshire_bullterrier', 0.5269274), ('n02093428', 'American_Staffordshire_terrier', 0.15555502), ('n02099712', 'Labrador_retriever', 0.091637276)]]
01451.jpg:[[('n02098105', 'soft-coated_wheaten_terrier', 0.8258501), ('n02093991', 'Irish_terrier', 0.08987284), ('n02095570', 'Lakeland_terrier', 0.031585723)]]
01461.jpg:[[('n02123394', 'Persian_cat', 0.85585135), ('n02123597', 'Siamese_cat', 0.045201793), ('n02127052', 'lynx', 0.013990569)]]
01471.jpg:[[('n02093256', 'Staffordshire_bullterrier', 0.697055), ('n02107312', 'miniature_pinscher', 0.05179097), ('n02096585', 'Boston_bull', 0.03778301)]]
01481.jpg:[[('n02109525', 'Saint_Bernard', 0.9999678), ('n02111500', 'Great_Pyrenees', 1.052829e-05), ('n02111129', 'Leonberg', 7.676211e-06)]]
01491.jpg:[[('n02098105', 'soft-coated_wheaten_terrier', 0.99532324), ('n02095570', 'Lakeland_terrier', 0.001607817), ('n02105505', 'komondor', 0.0007602681)]]
01501.jpg:[[('n02111889', 'Samoyed', 0.9178039), ('n02114548', 'white_wolf', 0.027136065), ('n02104029', 'kuvasz', 0.019080866)]]
01511.jpg:[[('n02112350', 'keeshond', 0.76426184), ('n02111129', 'Leonberg', 0.042009275), ('n02090721', 'Irish_wolfhound', 0.034618292)]]
01521.jpg:[[('n02102318', 'cocker_spaniel', 0.9702842), ('n02102040', 'English_springer', 0.028531486), ('n02102480', 'Sussex_spaniel', 0.0005042063)]]
01531.jpg:[[('n02108089', 'boxer', 0.72285163), ('n02108422', 'bull_mastiff', 0.27182007), ('n02087394', 'Rhodesian_ridgeback', 0.0037188032)]]
01541.jpg:[[('n02098413', 'Lhasa', 0.5244098), ('n02086079', 'Pekinese', 0.4277121), ('n02112018', 'Pomeranian', 0.02374707)]]
01551.jpg:[[('n02111500', 'Great_Pyrenees', 0.5043689), ('n02104029', 'kuvasz', 0.17488168), ('n02108551', 'Tibetan_mastiff', 0.16041954)]]
01561.jpg:[[('n02124075', 'Egyptian_cat', 0.096001334), ('n02107312', 'miniature_pinscher', 0.07840629), ('n02123045', 'tabby', 0.073276505)]]
01571.jpg:[[('n02123159', 'tiger_cat', 0.30424678), ('n02123045', 'tabby', 0.18171564), ('n02123394', 'Persian_cat', 0.089722976)]]
01581.jpg:[[('n02093256', 'Staffordshire_bullterrier', 0.8038658), ('n02109047', 'Great_Dane', 0.07527392), ('n02093428', 'American_Staffordshire_terrier', 0.05927089)]]
01591.jpg:[[('n02093428', 'American_Staffordshire_terrier', 0.5127114), ('n02093256', 'Staffordshire_bullterrier', 0.39964747), ('n02108915', 'French_bulldog', 0.031041976)]]
01601.jpg:[[('n02108915', 'French_bulldog', 0.40889776), ('n02110958', 'pug', 0.2867565), ('n02108089', 'boxer', 0.18452379)]]
01611.jpg:[[('n02127052', 'lynx', 0.5432091), ('n02123159', 'tiger_cat', 0.12381788), ('n02124075', 'Egyptian_cat', 0.11412665)]]
01621.jpg:[[('n02100236', 'German_short-haired_pointer', 0.8741622), ('n02105412', 'kelpie', 0.09186219), ('n02088632', 'bluetick', 0.023732819)]]
01631.jpg:[[('n02085620', 'Chihuahua', 0.9491185), ('n02087046', 'toy_terrier', 0.046011038), ('n02108915', 'French_bulldog', 0.0008821141)]]
01641.jpg:[[('n02088238', 'basset', 0.94228095), ('n02089867', 'Walker_hound', 0.019973747), ('n02088466', 'bloodhound', 0.019843597)]]
01651.jpg:[[('n02112350', 'keeshond', 0.953139), ('n02091467', 'Norwegian_elkhound', 0.025630048), ('n02112137', 'chow', 0.005152067)]]
01661.jpg:[[('n02100236', 'German_short-haired_pointer', 0.999233), ('n02088632', 'bluetick', 0.00023859827), ('n02099849', 'Chesapeake_Bay_retriever', 0.00015970362)]]
01671.jpg:[[('n02112350', 'keeshond', 0.807605), ('n02112137', 'chow', 0.07651047), ('n02112018', 'Pomeranian', 0.047617465)]]
01681.jpg:[[('n02093256', 'Staffordshire_bullterrier', 0.6878903), ('n02093428', 'American_Staffordshire_terrier', 0.17911573), ('n02108089', 'boxer', 0.10013924)]]
01691.jpg:[[('n02100735', 'English_setter', 0.8485151), ('n02088094', 'Afghan_hound', 0.05790314), ('n02090622', 'borzoi', 0.04222977)]]
01701.jpg:[[('n02124075', 'Egyptian_cat', 0.8868167), ('n02123045', 'tabby', 0.017941372), ('n02123159', 'tiger_cat', 0.007281438)]]
01711.jpg:[[('n02113978', 'Mexican_hairless', 0.5642363), ('n02123597', 'Siamese_cat', 0.16678856), ('n02091032', 'Italian_greyhound', 0.05882298)]]
01721.jpg:[[('n02085936', 'Maltese_dog', 0.5334322), ('n02113712', 'miniature_poodle', 0.0688621), ('n02097474', 'Tibetan_terrier', 0.059723254)]]
01731.jpg:[[('n02097658', 'silky_terrier', 0.42767686), ('n02094433', 'Yorkshire_terrier', 0.3016697), ('n02096294', 'Australian_terrier', 0.26794696)]]
01741.jpg:[[('n02123597', 'Siamese_cat', 0.9750802), ('n02127052', 'lynx', 0.020693004), ('n04554684', 'washer', 0.0010626048)]]
01751.jpg:[[('n02097047', 'miniature_schnauzer', 0.5379295), ('n02097298', 'Scotch_terrier', 0.34215418), ('n02097130', 'giant_schnauzer', 0.046754066)]]
01761.jpg:[[('n02087046', 'toy_terrier', 0.4861951), ('n02085620', 'Chihuahua', 0.2634317), ('n02113023', 'Pembroke', 0.07542839)]]
01771.jpg:[[('n02100735', 'English_setter', 0.8059915), ('n02102040', 'English_springer', 0.019534174), ('n02107574', 'Greater_Swiss_Mountain_dog', 0.019380696)]]
01781.jpg:[[('n02124075', 'Egyptian_cat', 0.9735946), ('n02127052', 'lynx', 0.0136652095), ('n02123159', 'tiger_cat', 0.0040673995)]]
01791.jpg:[[('n02091244', 'Ibizan_hound', 0.97704744), ('n02110806', 'basenji', 0.006660146), ('n02091032', 'Italian_greyhound', 0.0036271485)]]
01801.jpg:[[('n02124075', 'Egyptian_cat', 0.8487323), ('n02123159', 'tiger_cat', 0.037866417), ('n02123045', 'tabby', 0.02125003)]]
01811.jpg:[[('n02109525', 'Saint_Bernard', 0.97065675), ('n02107683', 'Bernese_mountain_dog', 0.0069555324), ('n02107574', 'Greater_Swiss_Mountain_dog', 0.0032488843)]]
01821.jpg:[[('n02112350', 'keeshond', 0.9930676), ('n02091467', 'Norwegian_elkhound', 0.0012662384), ('n02112018', 'Pomeranian', 0.00103684)]]
01831.jpg:[[('n02124075', 'Egyptian_cat', 0.98767906), ('n02123597', 'Siamese_cat', 0.0036272258), ('n02123045', 'tabby', 0.001966582)]]
01841.jpg:[[('n02094433', 'Yorkshire_terrier', 0.8513509), ('n02096294', 'Australian_terrier', 0.06294448), ('n02097658', 'silky_terrier', 0.036800936)]]
01851.jpg:[[('n02109525', 'Saint_Bernard', 0.99427104), ('n02108089', 'boxer', 0.0027906024), ('n02107574', 'Greater_Swiss_Mountain_dog', 0.0011268806)]]
01861.jpg:[[('n02123394', 'Persian_cat', 0.50175625), ('n02127052', 'lynx', 0.445468), ('n02123597', 'Siamese_cat', 0.018113915)]]
01871.jpg:[[('n02094433', 'Yorkshire_terrier', 0.98972684), ('n02097658', 'silky_terrier', 0.008057879), ('n02096294', 'Australian_terrier', 0.001897159)]]
01881.jpg:[[('n02093256', 'Staffordshire_bullterrier', 0.6089222), ('n02093428', 'American_Staffordshire_terrier', 0.20150544), ('n02099712', 'Labrador_retriever', 0.11138954)]]
01891.jpg:[[('n02088238', 'basset', 0.56433564), ('n02089867', 'Walker_hound', 0.35128933), ('n02088364', 'beagle', 0.050292112)]]
01901.jpg:[[('n02096585', 'Boston_bull', 0.15857366), ('n02108422', 'bull_mastiff', 0.14795738), ('n02110958', 'pug', 0.13901338)]]
01911.jpg:[[('n02093428', 'American_Staffordshire_terrier', 0.71358955), ('n02093256', 'Staffordshire_bullterrier', 0.27290282), ('n02110341', 'dalmatian', 0.004251864)]]
01921.jpg:[[('n02112350', 'keeshond', 0.9973928), ('n02091467', 'Norwegian_elkhound', 0.0012336875), ('n02105056', 'groenendael', 0.00096617016)]]
01931.jpg:[[('n02086240', 'Shih-Tzu', 0.3684526), ('n02096294', 'Australian_terrier', 0.092567995), ('n02085936', 'Maltese_dog', 0.07367211)]]
01941.jpg:[[('n02085620', 'Chihuahua', 0.9049119), ('n04589890', 'window_screen', 0.034606144), ('n03223299', 'doormat', 0.014772795)]]
01951.jpg:[[('n02112350', 'keeshond', 0.9997601), ('n02091467', 'Norwegian_elkhound', 0.00022835027), ('n02120079', 'Arctic_fox', 3.1175905e-06)]]
01961.jpg:[[('n02093428', 'American_Staffordshire_terrier', 0.93382335), ('n02093256', 'Staffordshire_bullterrier', 0.05935094), ('n02092339', 'Weimaraner', 0.0016072398)]]
01971.jpg:[[('n02127052', 'lynx', 0.3284885), ('n02120079', 'Arctic_fox', 0.22749329), ('n02124075', 'Egyptian_cat', 0.13077639)]]
01981.jpg:[[('n02097298', 'Scotch_terrier', 0.76739645), ('n02097130', 'giant_schnauzer', 0.113282874), ('n02097047', 'miniature_schnauzer', 0.02995889)]]
01991.jpg:[[('n02124075', 'Egyptian_cat', 0.7547932), ('n02127052', 'lynx', 0.06758677), ('n02123597', 'Siamese_cat', 0.047686752)]]
02001.jpg:[[('n02814533', 'beach_wagon', 0.80589426), ('n02930766', 'cab', 0.09416725), ('n03459775', 'grille', 0.049405955)]]
02011.jpg:[[('n04285008', 'sports_car', 0.79226154), ('n04037443', 'racer', 0.11183525), ('n02974003', 'car_wheel', 0.04493444)]]
02021.jpg:[[('n03930630', 'pickup', 0.97607327), ('n04461696', 'tow_truck', 0.0048458767), ('n03770679', 'minivan', 0.004006056)]]
02031.jpg:[[('n03930630', 'pickup', 0.16615103), ('n03895866', 'passenger_car', 0.16185853), ('n03770679', 'minivan', 0.08234891)]]
02041.jpg:[[('n04285008', 'sports_car', 0.7474007), ('n03100240', 'convertible', 0.071690574), ('n03895866', 'passenger_car', 0.064478435)]]
02051.jpg:[[('n04285008', 'sports_car', 0.42683384), ('n03100240', 'convertible', 0.13435176), ('n04037443', 'racer', 0.07165434)]]
02061.jpg:[[('n03100240', 'convertible', 0.94565374), ('n04285008', 'sports_car', 0.04093482), ('n02974003', 'car_wheel', 0.005904243)]]
02071.jpg:[[('n03770679', 'minivan', 0.43767145), ('n04285008', 'sports_car', 0.13509756), ('n02974003', 'car_wheel', 0.11540584)]]
02081.jpg:[[('n03770679', 'minivan', 0.5415215), ('n03594945', 'jeep', 0.13454081), ('n02814533', 'beach_wagon', 0.051059652)]]
02091.jpg:[[('n03769881', 'minibus', 0.72645867), ('n03796401', 'moving_van', 0.081794284), ('n03770679', 'minivan', 0.062333018)]]
02101.jpg:[[('n03459775', 'grille', 0.54122406), ('n03796401', 'moving_van', 0.0956257), ('n02930766', 'cab', 0.057771593)]]
02111.jpg:[[('n04285008', 'sports_car', 0.67869395), ('n04037443', 'racer', 0.2959999), ('n03100240', 'convertible', 0.01441768)]]
02121.jpg:[[('n04285008', 'sports_car', 0.26382074), ('n03594945', 'jeep', 0.21654104), ('n03100240', 'convertible', 0.14822209)]]
02131.jpg:[[('n04285008', 'sports_car', 0.6667763), ('n04037443', 'racer', 0.10874894), ('n03100240', 'convertible', 0.07405588)]]
02141.jpg:[[('n03770679', 'minivan', 0.55584764), ('n02814533', 'beach_wagon', 0.057664942), ('n04461696', 'tow_truck', 0.04654339)]]
02151.jpg:[[('n02814533', 'beach_wagon', 0.29124424), ('n02974003', 'car_wheel', 0.23543742), ('n04285008', 'sports_car', 0.17623344)]]
02161.jpg:[[('n03100240', 'convertible', 0.52053666), ('n02974003', 'car_wheel', 0.1952221), ('n04285008', 'sports_car', 0.18060966)]]
02171.jpg:[[('n03930630', 'pickup', 0.23646894), ('n03770679', 'minivan', 0.09211996), ('n03769881', 'minibus', 0.06693184)]]
02181.jpg:[[('n03100240', 'convertible', 0.4798811), ('n04285008', 'sports_car', 0.26267993), ('n02814533', 'beach_wagon', 0.08736376)]]
02191.jpg:[[('n03100240', 'convertible', 0.53771365), ('n04285008', 'sports_car', 0.28507444), ('n03459775', 'grille', 0.057241693)]]
02201.jpg:[[('n03100240', 'convertible', 0.11843844), ('n04037443', 'racer', 0.10425042), ('n02979186', 'cassette_player', 0.08989808)]]
02211.jpg:[[('n03594945', 'jeep', 0.7675511), ('n02814533', 'beach_wagon', 0.08744488), ('n03930630', 'pickup', 0.02428852)]]
02221.jpg:[[('n04285008', 'sports_car', 0.45561373), ('n02974003', 'car_wheel', 0.20133461), ('n04037443', 'racer', 0.081445515)]]
02231.jpg:[[('n02701002', 'ambulance', 0.5830015), ('n03594945', 'jeep', 0.30856442), ('n03977966', 'police_van', 0.033188928)]]
02241.jpg:[[('n03100240', 'convertible', 0.9004313), ('n04285008', 'sports_car', 0.03254471), ('n04037443', 'racer', 0.027009858)]]
02251.jpg:[[('n03770679', 'minivan', 0.84356487), ('n02814533', 'beach_wagon', 0.04756794), ('n03930630', 'pickup', 0.020249147)]]
02261.jpg:[[('n03769881', 'minibus', 0.2661392), ('n03796401', 'moving_van', 0.17092139), ('n03770679', 'minivan', 0.14321032)]]
02271.jpg:[[('n03770679', 'minivan', 0.63485783), ('n03930630', 'pickup', 0.11490052), ('n04461696', 'tow_truck', 0.056060188)]]
02281.jpg:[[('n03670208', 'limousine', 0.7345725), ('n02974003', 'car_wheel', 0.09066786), ('n04037443', 'racer', 0.07157836)]]
02291.jpg:[[('n03770679', 'minivan', 0.6059252), ('n02930766', 'cab', 0.06750942), ('n02974003', 'car_wheel', 0.02618849)]]
02301.jpg:[[('n03796401', 'moving_van', 0.18583849), ('n04461696', 'tow_truck', 0.18294023), ('n04467665', 'trailer_truck', 0.17576487)]]
02311.jpg:[[('n03100240', 'convertible', 0.24782377), ('n02814533', 'beach_wagon', 0.13329013), ('n02974003', 'car_wheel', 0.10049099)]]
02321.jpg:[[('n03770679', 'minivan', 0.18174098), ('n03769881', 'minibus', 0.11883318), ('n03796401', 'moving_van', 0.1177758)]]
02331.jpg:[[('n03930630', 'pickup', 0.4748665), ('n03769881', 'minibus', 0.050646193), ('n02667093', 'abaya', 0.03448093)]]
02341.jpg:[[('n03670208', 'limousine', 0.49147436), ('n02930766', 'cab', 0.08852028), ('n03100240', 'convertible', 0.08467263)]]
02351.jpg:[[('n02814533', 'beach_wagon', 0.23061866), ('n03100240', 'convertible', 0.1959822), ('n02974003', 'car_wheel', 0.10872533)]]
02361.jpg:[[('n03796401', 'moving_van', 0.9843091), ('n03769881', 'minibus', 0.008592152), ('n04467665', 'trailer_truck', 0.0034348897)]]
02371.jpg:[[('n02814533', 'beach_wagon', 0.40374058), ('n03770679', 'minivan', 0.2111643), ('n03459775', 'grille', 0.064543806)]]
02381.jpg:[[('n03770679', 'minivan', 0.5460523), ('n03459775', 'grille', 0.06151313), ('n03100240', 'convertible', 0.057921197)]]
02391.jpg:[[('n03770679', 'minivan', 0.24030083), ('n03769881', 'minibus', 0.14288403), ('n02814533', 'beach_wagon', 0.13464443)]]
02401.jpg:[[('n04285008', 'sports_car', 0.9702855), ('n03100240', 'convertible', 0.025190748), ('n04037443', 'racer', 0.003406633)]]
02411.jpg:[[('n03100240', 'convertible', 0.52517897), ('n04285008', 'sports_car', 0.25002435), ('n02974003', 'car_wheel', 0.08976291)]]
02421.jpg:[[('n04285008', 'sports_car', 0.42941067), ('n04037443', 'racer', 0.2084514), ('n03100240', 'convertible', 0.20215483)]]
02431.jpg:[[('n03100240', 'convertible', 0.94004625), ('n02814533', 'beach_wagon', 0.010753052), ('n03930630', 'pickup', 0.009386362)]]
02441.jpg:[[('n03930630', 'pickup', 0.5116828), ('n03796401', 'moving_van', 0.18568243), ('n04461696', 'tow_truck', 0.16357704)]]
02451.jpg:[[('n03770679', 'minivan', 0.40957806), ('n03769881', 'minibus', 0.044095162), ('n04461696', 'tow_truck', 0.03988667)]]
02461.jpg:[[('n03930630', 'pickup', 0.53459215), ('n04461696', 'tow_truck', 0.26849005), ('n03670208', 'limousine', 0.08389739)]]
02471.jpg:[[('n04285008', 'sports_car', 0.8041925), ('n03100240', 'convertible', 0.097805925), ('n04037443', 'racer', 0.057080872)]]
02481.jpg:[[('n02974003', 'car_wheel', 0.3300938), ('n04285008', 'sports_car', 0.19574222), ('n03459775', 'grille', 0.19082077)]]
02491.jpg:[[('n03770679', 'minivan', 0.49669167), ('n02814533', 'beach_wagon', 0.21311775), ('n03769881', 'minibus', 0.033314817)]]
02501.jpg:[[('n04285008', 'sports_car', 0.225191), ('n04461696', 'tow_truck', 0.20848344), ('n03100240', 'convertible', 0.11207906)]]
02511.jpg:[[('n03100240', 'convertible', 0.9415563), ('n03930630', 'pickup', 0.016900914), ('n02704792', 'amphibian', 0.009302274)]]
02521.jpg:[[('n04285008', 'sports_car', 0.33749214), ('n03670208', 'limousine', 0.10749394), ('n03459775', 'grille', 0.096992254)]]
02531.jpg:[[('n04285008', 'sports_car', 0.21697159), ('n02974003', 'car_wheel', 0.18859702), ('n03100240', 'convertible', 0.11421883)]]
02541.jpg:[[('n02814533', 'beach_wagon', 0.24233314), ('n03770679', 'minivan', 0.20353709), ('n02974003', 'car_wheel', 0.121113025)]]
02551.jpg:[[('n04285008', 'sports_car', 0.37643754), ('n04037443', 'racer', 0.3594871), ('n02930766', 'cab', 0.07138003)]]
02561.jpg:[[('n03930630', 'pickup', 0.603386), ('n04461696', 'tow_truck', 0.16435671), ('n04252225', 'snowplow', 0.097878)]]
02571.jpg:[[('n03100240', 'convertible', 0.9823315), ('n04285008', 'sports_car', 0.0130612245), ('n02974003', 'car_wheel', 0.0029807147)]]
02581.jpg:[[('n04285008', 'sports_car', 0.3080446), ('n02814533', 'beach_wagon', 0.23408553), ('n02930766', 'cab', 0.20500283)]]
02591.jpg:[[('n03670208', 'limousine', 0.24866131), ('n02814533', 'beach_wagon', 0.17423262), ('n03930630', 'pickup', 0.12832107)]]
02601.jpg:[[('n03770679', 'minivan', 0.41361383), ('n03930630', 'pickup', 0.18436068), ('n04461696', 'tow_truck', 0.07394022)]]
02611.jpg:[[('n03345487', 'fire_engine', 0.3037471), ('n02930766', 'cab', 0.102631345), ('n03891332', 'parking_meter', 0.08475008)]]
02621.jpg:[[('n03670208', 'limousine', 0.68651664), ('n04285008', 'sports_car', 0.14244224), ('n03100240', 'convertible', 0.0651928)]]
02631.jpg:[[('n04285008', 'sports_car', 0.5875184), ('n02974003', 'car_wheel', 0.15145609), ('n03459775', 'grille', 0.13618386)]]
02641.jpg:[[('n03930630', 'pickup', 0.58710605), ('n04461696', 'tow_truck', 0.21292976), ('n04467665', 'trailer_truck', 0.0419154)]]
02651.jpg:[[('n02930766', 'cab', 0.3422288), ('n03459775', 'grille', 0.26605746), ('n03670208', 'limousine', 0.2242624)]]
02661.jpg:[[('n02814533', 'beach_wagon', 0.26660785), ('n03930630', 'pickup', 0.24733265), ('n02974003', 'car_wheel', 0.12185767)]]
02671.jpg:[[('n02701002', 'ambulance', 0.28008547), ('n04461696', 'tow_truck', 0.13619666), ('n03977966', 'police_van', 0.093771175)]]
02681.jpg:[[('n04285008', 'sports_car', 0.23717815), ('n04037443', 'racer', 0.21502388), ('n03100240', 'convertible', 0.104740106)]]
02691.jpg:[[('n04285008', 'sports_car', 0.8604361), ('n03100240', 'convertible', 0.035615206), ('n03127747', 'crash_helmet', 0.03338195)]]
02701.jpg:[[('n02974003', 'car_wheel', 0.19055404), ('n03930630', 'pickup', 0.15463857), ('n03459775', 'grille', 0.10100435)]]
02711.jpg:[[('n02930766', 'cab', 0.34620672), ('n03891332', 'parking_meter', 0.18462932), ('n03770679', 'minivan', 0.08768934)]]
02721.jpg:[[('n03594945', 'jeep', 0.53681755), ('n03930630', 'pickup', 0.31462824), ('n03670208', 'limousine', 0.058877103)]]
02731.jpg:[[('n04285008', 'sports_car', 0.67443234), ('n03100240', 'convertible', 0.28802878), ('n02974003', 'car_wheel', 0.025268609)]]
02741.jpg:[[('n04285008', 'sports_car', 0.89055306), ('n02974003', 'car_wheel', 0.06028401), ('n04037443', 'racer', 0.027925907)]]
02751.jpg:[[('n04285008', 'sports_car', 0.69429064), ('n04037443', 'racer', 0.16240802), ('n02974003', 'car_wheel', 0.09983726)]]
02761.jpg:[[('n03770679', 'minivan', 0.46279007), ('n03796401', 'moving_van', 0.2504998), ('n03769881', 'minibus', 0.08016215)]]
02771.jpg:[[('n04285008', 'sports_car', 0.49608907), ('n04037443', 'racer', 0.12786132), ('n03100240', 'convertible', 0.1062919)]]
02781.jpg:[[('n03930630', 'pickup', 0.25919768), ('n03770679', 'minivan', 0.15105104), ('n03594945', 'jeep', 0.13900843)]]
02791.jpg:[[('n02814533', 'beach_wagon', 0.3670418), ('n04285008', 'sports_car', 0.34039247), ('n03100240', 'convertible', 0.083122134)]]
02801.jpg:[[('n03930630', 'pickup', 0.57627964), ('n04461696', 'tow_truck', 0.086425416), ('n02814533', 'beach_wagon', 0.03574053)]]
02811.jpg:[[('n04285008', 'sports_car', 0.26800734), ('n03770679', 'minivan', 0.2049394), ('n03100240', 'convertible', 0.1084255)]]
02821.jpg:[[('n04285008', 'sports_car', 0.9669836), ('n04037443', 'racer', 0.015078674), ('n03793489', 'mouse', 0.00416443)]]
02831.jpg:[[('n03930630', 'pickup', 0.8507339), ('n04461696', 'tow_truck', 0.07782788), ('n03459775', 'grille', 0.023688491)]]
02841.jpg:[[('n04285008', 'sports_car', 0.47393674), ('n02974003', 'car_wheel', 0.16737176), ('n02814533', 'beach_wagon', 0.08430094)]]
02851.jpg:[[('n04285008', 'sports_car', 0.91013485), ('n02974003', 'car_wheel', 0.05292081), ('n03459775', 'grille', 0.012541822)]]
02861.jpg:[[('n03770679', 'minivan', 0.9537585), ('n03769881', 'minibus', 0.023735888), ('n03796401', 'moving_van', 0.0031216487)]]
02871.jpg:[[('n03100240', 'convertible', 0.9514535), ('n03459775', 'grille', 0.015262017), ('n02974003', 'car_wheel', 0.008974755)]]
02881.jpg:[[('n03930630', 'pickup', 0.58316654), ('n04461696', 'tow_truck', 0.14136527), ('n03594945', 'jeep', 0.09546535)]]
02891.jpg:[[('n02930766', 'cab', 0.17778942), ('n03670208', 'limousine', 0.10041817), ('n03930630', 'pickup', 0.09706787)]]
02901.jpg:[[('n03770679', 'minivan', 0.6269238), ('n03930630', 'pickup', 0.09658612), ('n02814533', 'beach_wagon', 0.052232713)]]
02911.jpg:[[('n03100240', 'convertible', 0.3954414), ('n04285008', 'sports_car', 0.265235), ('n02814533', 'beach_wagon', 0.10440898)]]
02921.jpg:[[('n03930630', 'pickup', 0.7775814), ('n03594945', 'jeep', 0.08868448), ('n02930766', 'cab', 0.039190955)]]
02931.jpg:[[('n03770679', 'minivan', 0.982356), ('n03769881', 'minibus', 0.0061555873), ('n03792972', 'mountain_tent', 0.003268553)]]
02941.jpg:[[('n02814533', 'beach_wagon', 0.42129916), ('n03930630', 'pickup', 0.23790355), ('n04037443', 'racer', 0.12706861)]]
02951.jpg:[[('n03770679', 'minivan', 0.20728695), ('n03930630', 'pickup', 0.16851306), ('n03796401', 'moving_van', 0.11878998)]]
02961.jpg:[[('n02974003', 'car_wheel', 0.3516315), ('n02930766', 'cab', 0.11917199), ('n02814533', 'beach_wagon', 0.115940176)]]
02971.jpg:[[('n03594945', 'jeep', 0.32286218), ('n03670208', 'limousine', 0.22001272), ('n03417042', 'garbage_truck', 0.06625624)]]
02981.jpg:[[('n03459775', 'grille', 0.3640502), ('n03930630', 'pickup', 0.115994036), ('n04037443', 'racer', 0.08101829)]]
02991.jpg:[[('n03459775', 'grille', 0.6122946), ('n03770679', 'minivan', 0.14541052), ('n03930630', 'pickup', 0.06781844)]]
03001.jpg:[[('n11939491', 'daisy', 0.98167175), ('n02206856', 'bee', 0.0069262367), ('n02281406', 'sulphur_butterfly', 0.0021260611)]]
03011.jpg:[[('n11939491', 'daisy', 0.9447689), ('n11879895', 'rapeseed', 0.014537093), ('n02206856', 'bee', 0.0046143443)]]
03021.jpg:[[('n11879895', 'rapeseed', 0.46590602), ('n04522168', 'vase', 0.16264719), ('n02281406', 'sulphur_butterfly', 0.041369773)]]
03031.jpg:[[('n03930313', 'picket_fence', 0.31771338), ('n03991062', 'pot', 0.1197394), ('n04522168', 'vase', 0.08332176)]]
03041.jpg:[[('n03930313', 'picket_fence', 0.15934987), ('n03991062', 'pot', 0.15920876), ('n04522168', 'vase', 0.08683911)]]
03051.jpg:[[('n03944341', 'pinwheel', 0.37626106), ('n11939491', 'daisy', 0.16013955), ('n03991062', 'pot', 0.05905887)]]
03062.jpg:[[('n03991062', 'pot', 0.49141002), ('n11939491', 'daisy', 0.08959579), ('n04522168', 'vase', 0.07313321)]]
03072.jpg:[[('n04522168', 'vase', 0.30645356), ('n03991062', 'pot', 0.11224035), ('n11879895', 'rapeseed', 0.100717776)]]
03082.jpg:[[('n02281406', 'sulphur_butterfly', 0.25950107), ('n13044778', 'earthstar', 0.069903806), ('n11879895', 'rapeseed', 0.06500111)]]
03092.jpg:[[('n03930313', 'picket_fence', 0.15994504), ('n12620546', 'hip', 0.122799486), ('n03991062', 'pot', 0.08197296)]]
03102.jpg:[[('n11939491', 'daisy', 0.60396856), ('n07716358', 'zucchini', 0.07008466), ('n02206856', 'bee', 0.04789397)]]
03112.jpg:[[('n02280649', 'cabbage_butterfly', 0.25507596), ('n03930313', 'picket_fence', 0.16898543), ('n02279972', 'monarch', 0.10254158)]]
03122.jpg:[[('n03991062', 'pot', 0.43153512), ('n03930313', 'picket_fence', 0.15861307), ('n04522168', 'vase', 0.15738218)]]
03132.jpg:[[('n11939491', 'daisy', 0.19837813), ('n01914609', 'sea_anemone', 0.13858327), ('n02007558', 'flamingo', 0.05097102)]]
03142.jpg:[[('n03991062', 'pot', 0.26454857), ('n02206856', 'bee', 0.21738273), ('n03930313', 'picket_fence', 0.08038882)]]
03152.jpg:[[('n11939491', 'daisy', 0.73465896), ('n02206856', 'bee', 0.13461274), ('n04522168', 'vase', 0.030715711)]]
03162.jpg:[[('n03991062', 'pot', 0.19068295), ('n03930313', 'picket_fence', 0.1655676), ('n02281406', 'sulphur_butterfly', 0.13386966)]]
03172.jpg:[[('n03991062', 'pot', 0.19929081), ('n03930313', 'picket_fence', 0.1388813), ('n11939491', 'daisy', 0.107457355)]]
03182.jpg:[[('n02206856', 'bee', 0.39506218), ('n02280649', 'cabbage_butterfly', 0.17209943), ('n02281406', 'sulphur_butterfly', 0.05551728)]]
03192.jpg:[[('n11939491', 'daisy', 0.6866944), ('n02281406', 'sulphur_butterfly', 0.07294465), ('n02206856', 'bee', 0.04751626)]]
03202.jpg:[[('n11939491', 'daisy', 0.47055203), ('n02281406', 'sulphur_butterfly', 0.09596487), ('n11879895', 'rapeseed', 0.056116465)]]
03212.jpg:[[('n03991062', 'pot', 0.75974685), ('n07714571', 'head_cabbage', 0.022744406), ('n04522168', 'vase', 0.02147546)]]
03222.jpg:[[('n03991062', 'pot', 0.72540087), ('n03000134', 'chainlink_fence', 0.08590569), ('n03457902', 'greenhouse', 0.068838425)]]
03232.jpg:[[('n11939491', 'daisy', 0.19761147), ('n04522168', 'vase', 0.13815095), ('n07930864', 'cup', 0.09763389)]]
03242.jpg:[[('n03944341', 'pinwheel', 0.98117024), ('n03930313', 'picket_fence', 0.013498851), ('n02219486', 'ant', 0.0016920222)]]
03252.jpg:[[('n11939491', 'daisy', 0.31744653), ('n07730033', 'cardoon', 0.112624824), ('n07714571', 'head_cabbage', 0.108922936)]]
03262.jpg:[[('n03991062', 'pot', 0.9159088), ('n04522168', 'vase', 0.017412866), ('n03944341', 'pinwheel', 0.010447584)]]
03272.jpg:[[('n04522168', 'vase', 0.1659123), ('n02281406', 'sulphur_butterfly', 0.09864269), ('n03930313', 'picket_fence', 0.062263057)]]
03282.jpg:[[('n03991062', 'pot', 0.9653909), ('n04522168', 'vase', 0.020585697), ('n03930313', 'picket_fence', 0.002630081)]]
03292.jpg:[[('n11879895', 'rapeseed', 0.17385751), ('n03930313', 'picket_fence', 0.1215327), ('n03457902', 'greenhouse', 0.08271591)]]
03302.jpg:[[('n11939491', 'daisy', 0.4651939), ('n02281406', 'sulphur_butterfly', 0.10826211), ('n03930313', 'picket_fence', 0.09796106)]]
03312.jpg:[[('n02280649', 'cabbage_butterfly', 0.14963977), ('n07715103', 'cauliflower', 0.13365011), ('n12985857', 'coral_fungus', 0.08385837)]]
03322.jpg:[[('n03991062', 'pot', 0.30891132), ('n11939491', 'daisy', 0.12422507), ('n02280649', 'cabbage_butterfly', 0.07402017)]]
03332.jpg:[[('n02281787', 'lycaenid', 0.14164016), ('n02281406', 'sulphur_butterfly', 0.117163405), ('n02206856', 'bee', 0.07302291)]]
03342.jpg:[[('n03991062', 'pot', 0.35343444), ('n03930313', 'picket_fence', 0.105094194), ('n12620546', 'hip', 0.078797154)]]
03352.jpg:[[('n11879895', 'rapeseed', 0.70853174), ('n12057211', "yellow_lady's_slipper", 0.06204478), ('n02281406', 'sulphur_butterfly', 0.019985123)]]
03362.jpg:[[('n03991062', 'pot', 0.2997208), ('n03930313', 'picket_fence', 0.28524026), ('n03944341', 'pinwheel', 0.06335714)]]
03372.jpg:[[('n03991062', 'pot', 0.308886), ('n03944341', 'pinwheel', 0.2950085), ('n04507155', 'umbrella', 0.06994321)]]
03382.jpg:[[('n03457902', 'greenhouse', 0.7075158), ('n04522168', 'vase', 0.14767179), ('n03930313', 'picket_fence', 0.05731815)]]
03392.jpg:[[('n02280649', 'cabbage_butterfly', 0.45544904), ('n02281406', 'sulphur_butterfly', 0.1513606), ('n02206856', 'bee', 0.11872502)]]
03402.jpg:[[('n03991062', 'pot', 0.131344), ('n03944341', 'pinwheel', 0.09896276), ('n04522168', 'vase', 0.09887946)]]
03412.jpg:[[('n03991062', 'pot', 0.30316254), ('n07753113', 'fig', 0.19160908), ('n07715103', 'cauliflower', 0.16503644)]]
03422.jpg:[[('n07718747', 'artichoke', 0.96389735), ('n07730033', 'cardoon', 0.03607643), ('n03991062', 'pot', 6.81479e-06)]]
03432.jpg:[[('n02280649', 'cabbage_butterfly', 0.35202044), ('n02281406', 'sulphur_butterfly', 0.21050835), ('n03991062', 'pot', 0.11280064)]]
03442.jpg:[[('n03930313', 'picket_fence', 0.81410205), ('n03991062', 'pot', 0.09592279), ('n03457902', 'greenhouse', 0.04107885)]]
03452.jpg:[[('n03944341', 'pinwheel', 0.36902016), ('n03991062', 'pot', 0.32762167), ('n03930313', 'picket_fence', 0.039162032)]]
03462.jpg:[[('n01943899', 'conch', 0.32976222), ('n01910747', 'jellyfish', 0.07248309), ('n04522168', 'vase', 0.06224492)]]
03472.jpg:[[('n12985857', 'coral_fungus', 0.46870497), ('n03930313', 'picket_fence', 0.13312764), ('n02280649', 'cabbage_butterfly', 0.06874477)]]
03482.jpg:[[('n11939491', 'daisy', 0.30725482), ('n02840245', 'binder', 0.16837604), ('n03991062', 'pot', 0.11097933)]]
03492.jpg:[[('n11939491', 'daisy', 0.5935043), ('n02281787', 'lycaenid', 0.06585819), ('n02280649', 'cabbage_butterfly', 0.06538027)]]
03502.jpg:[[('n11939491', 'daisy', 0.34336042), ('n04522168', 'vase', 0.103918895), ('n03991062', 'pot', 0.09180357)]]
03512.jpg:[[('n04522168', 'vase', 0.44526306), ('n03930313', 'picket_fence', 0.2388933), ('n04476259', 'tray', 0.07511106)]]
03522.jpg:[[('n03991062', 'pot', 0.3539617), ('n04522168', 'vase', 0.17300966), ('n03457902', 'greenhouse', 0.08051649)]]
03532.jpg:[[('n02281406', 'sulphur_butterfly', 0.3757053), ('n02280649', 'cabbage_butterfly', 0.20058112), ('n03991062', 'pot', 0.054411374)]]
03542.jpg:[[('n03991062', 'pot', 0.2632062), ('n11939491', 'daisy', 0.114374585), ('n07742313', 'Granny_Smith', 0.06641182)]]
03552.jpg:[[('n11939491', 'daisy', 0.18270475), ('n02206856', 'bee', 0.16906373), ('n02219486', 'ant', 0.12860554)]]
03562.jpg:[[('n12985857', 'coral_fungus', 0.25731233), ('n11939491', 'daisy', 0.1939963), ('n03991062', 'pot', 0.1659221)]]
03572.jpg:[[('n01833805', 'hummingbird', 0.11573488), ('n03991062', 'pot', 0.1072318), ('n02281406', 'sulphur_butterfly', 0.10688064)]]
03582.jpg:[[('n11939491', 'daisy', 0.89949405), ('n02206856', 'bee', 0.019044112), ('n03944341', 'pinwheel', 0.008368689)]]
03592.jpg:[[('n11939491', 'daisy', 0.559482), ('n02206856', 'bee', 0.14080615), ('n02281406', 'sulphur_butterfly', 0.08635607)]]
03602.jpg:[[('n12057211', "yellow_lady's_slipper", 0.64284116), ('n02177972', 'weevil', 0.07421689), ('n07753275', 'pineapple', 0.037751615)]]
03612.jpg:[[('n11939491', 'daisy', 0.27218202), ('n02206856', 'bee', 0.13319169), ('n02281406', 'sulphur_butterfly', 0.09204046)]]
03622.jpg:[[('n03944341', 'pinwheel', 0.9308316), ('n03930313', 'picket_fence', 0.01641652), ('n02281406', 'sulphur_butterfly', 0.0074792565)]]
03632.jpg:[[('n03457902', 'greenhouse', 0.21403548), ('n07720875', 'bell_pepper', 0.09216571), ('n02281406', 'sulphur_butterfly', 0.065927885)]]
03642.jpg:[[('n03991062', 'pot', 0.26271826), ('n03930313', 'picket_fence', 0.24180707), ('n03000134', 'chainlink_fence', 0.08594977)]]
03652.jpg:[[('n03991062', 'pot', 0.75281775), ('n12620546', 'hip', 0.08045179), ('n04522168', 'vase', 0.027095456)]]
03662.jpg:[[('n03733131', 'maypole', 0.38526973), ('n11879895', 'rapeseed', 0.1893515), ('n03930313', 'picket_fence', 0.13920158)]]
03672.jpg:[[('n03991062', 'pot', 0.94037944), ('n04522168', 'vase', 0.014561867), ('n03930313', 'picket_fence', 0.009595836)]]
03682.jpg:[[('n02206856', 'bee', 0.31737074), ('n11939491', 'daisy', 0.10525943), ('n07730033', 'cardoon', 0.07965721)]]
03692.jpg:[[('n02281406', 'sulphur_butterfly', 0.2757929), ('n11939491', 'daisy', 0.09983995), ('n02206856', 'bee', 0.07892403)]]
03702.jpg:[[('n03991062', 'pot', 0.24577), ('n02281406', 'sulphur_butterfly', 0.19420938), ('n03000134', 'chainlink_fence', 0.117595494)]]
03712.jpg:[[('n07747607', 'orange', 0.23363623), ('n12057211', "yellow_lady's_slipper", 0.119658366), ('n02281406', 'sulphur_butterfly', 0.0944925)]]
03722.jpg:[[('n02206856', 'bee', 0.7450468), ('n02280649', 'cabbage_butterfly', 0.036047887), ('n02190166', 'fly', 0.034970745)]]
03732.jpg:[[('n02281406', 'sulphur_butterfly', 0.1868448), ('n02280649', 'cabbage_butterfly', 0.17108162), ('n11939491', 'daisy', 0.11438119)]]
03742.jpg:[[('n02280649', 'cabbage_butterfly', 0.22078682), ('n11939491', 'daisy', 0.13686994), ('n02206856', 'bee', 0.12410356)]]
03752.jpg:[[('n03991062', 'pot', 0.5199888), ('n11939491', 'daisy', 0.16757923), ('n04522168', 'vase', 0.08432539)]]
03762.jpg:[[('n02280649', 'cabbage_butterfly', 0.17517284), ('n11939491', 'daisy', 0.14276113), ('n02281406', 'sulphur_butterfly', 0.14194888)]]
03772.jpg:[[('n03930313', 'picket_fence', 0.48351806), ('n03991062', 'pot', 0.1296692), ('n04522168', 'vase', 0.055526756)]]
03782.jpg:[[('n03991062', 'pot', 0.43282163), ('n03930313', 'picket_fence', 0.14043047), ('n03457902', 'greenhouse', 0.0856725)]]
03792.jpg:[[('n02280649', 'cabbage_butterfly', 0.14378251), ('n07716358', 'zucchini', 0.101152346), ('n03991062', 'pot', 0.09773663)]]
03802.jpg:[[('n07730033', 'cardoon', 0.7667341), ('n07753275', 'pineapple', 0.08190704), ('n11939491', 'daisy', 0.032233857)]]
03812.jpg:[[('n03991062', 'pot', 0.4646513), ('n04522168', 'vase', 0.19458269), ('n11939491', 'daisy', 0.13605349)]]
03822.jpg:[[('n11939491', 'daisy', 0.9986204), ('n02219486', 'ant', 0.0002940807), ('n02206856', 'bee', 0.000104632956)]]
03832.jpg:[[('n11939491', 'daisy', 0.87584674), ('n01914609', 'sea_anemone', 0.012349486), ('n03814906', 'necklace', 0.009486726)]]
03842.jpg:[[('n03944341', 'pinwheel', 0.41849202), ('n03991062', 'pot', 0.14133827), ('n03814906', 'necklace', 0.025584538)]]
03852.jpg:[[('n02206856', 'bee', 0.3629), ('n11939491', 'daisy', 0.2874372), ('n03930313', 'picket_fence', 0.0370123)]]
03862.jpg:[[('n03476684', 'hair_slide', 0.3298548), ('n04522168', 'vase', 0.1769962), ('n04254120', 'soap_dispenser', 0.051262677)]]
03872.jpg:[[('n10148035', 'groom', 0.15800065), ('n03991062', 'pot', 0.07896481), ('n02869837', 'bonnet', 0.059895262)]]
03882.jpg:[[('n03930313', 'picket_fence', 0.23485671), ('n12620546', 'hip', 0.17314605), ('n07720875', 'bell_pepper', 0.15551071)]]
03892.jpg:[[('n01833805', 'hummingbird', 0.19346203), ('n03930313', 'picket_fence', 0.15837476), ('n01514859', 'hen', 0.1361313)]]
03902.jpg:[[('n03991062', 'pot', 0.70047826), ('n03930313', 'picket_fence', 0.035463657), ('n02281406', 'sulphur_butterfly', 0.022707954)]]
03912.jpg:[[('n03991062', 'pot', 0.4936601), ('n02206856', 'bee', 0.07344495), ('n03457902', 'greenhouse', 0.065857)]]
03922.jpg:[[('n02280649', 'cabbage_butterfly', 0.31554615), ('n03930313', 'picket_fence', 0.1582415), ('n02206856', 'bee', 0.1422069)]]
03932.jpg:[[('n11939491', 'daisy', 0.9462802), ('n03991062', 'pot', 0.0053834026), ('n04522168', 'vase', 0.0040690037)]]
03942.jpg:[[('n11939491', 'daisy', 0.77331203), ('n07930864', 'cup', 0.034775767), ('n04522168', 'vase', 0.022832751)]]
03952.jpg:[[('n11939491', 'daisy', 0.5153184), ('n03991062', 'pot', 0.17800759), ('n02280649', 'cabbage_butterfly', 0.05926899)]]
03962.jpg:[[('n03991062', 'pot', 0.39789218), ('n04522168', 'vase', 0.2531473), ('n03457902', 'greenhouse', 0.092035525)]]
03972.jpg:[[('n07720875', 'bell_pepper', 0.29349473), ('n03991062', 'pot', 0.26585963), ('n07717556', 'butternut_squash', 0.16224681)]]
03982.jpg:[[('n11939491', 'daisy', 0.6524198), ('n03930313', 'picket_fence', 0.2119386), ('n03991062', 'pot', 0.022473766)]]
03992.jpg:[[('n01667778', 'terrapin', 0.21923436), ('n07718747', 'artichoke', 0.20406592), ('n03929660', 'pick', 0.13065201)]]
04002.jpg:[[('n11939491', 'daisy', 0.15939826), ('n09332890', 'lakeside', 0.052775506), ('n02843684', 'birdhouse', 0.03302637)]]
04012.jpg:[[('n11939491', 'daisy', 0.5360738), ('n04522168', 'vase', 0.079964355), ('n03930313', 'picket_fence', 0.063470565)]]
04023.jpg:[[('n03991062', 'pot', 0.23489837), ('n04522168', 'vase', 0.12404639), ('n02281406', 'sulphur_butterfly', 0.106448114)]]
04034.jpg:[[('n04350905', 'suit', 0.5062843), ('n03630383', 'lab_coat', 0.20087805), ('n04591157', 'Windsor_tie', 0.15978536)]]