13/13 [==============================] - 11s 825ms/step
00000.jpg:[[('n04263257', 'soup_bowl', 0.8761964), ('n07831146', 'carbonara', 0.06766038), ('n07584110', 'consomme', 0.022334654)]]
00010.jpg:[[('n07579787', 'plate', 0.85463375), ('n07684084', 'French_loaf', 0.034390703), ('n07697537', 'hotdog', 0.025767494)]]
00020.jpg:[[('n02776631', 'bakery', 0.7261273), ('n07875152', 'potpie', 0.12473633), ('n07579787', 'plate', 0.048246276)]]
00030.jpg:[[('n04263257', 'soup_bowl', 0.76870006), ('n07584110', 'consomme', 0.11603344), ('n07930864', 'cup', 0.014950149)]]
00040.jpg:[[('n02281406', 'sulphur_butterfly', 0.55624086), ('n07716906', 'spaghetti_squash', 0.16412072), ('n07717556', 'butternut_squash', 0.06013844)]]
00050.jpg:[[('n04111531', 'rotisserie', 0.34454888), ('n07873807', 'pizza', 0.26641464), ('n04270147', 'spatula', 0.19411193)]]
00060.jpg:[[('n07584110', 'consomme', 0.99782664), ('n07920052', 'espresso', 0.0018759068), ('n07836838', 'chocolate_sauce', 0.00013848825)]]
00070.jpg:[[('n07697313', 'cheeseburger', 0.51090175), ('n07697537', 'hotdog', 0.4485319), ('n07880968', 'burrito', 0.015919011)]]
00080.jpg:[[('n02776631', 'bakery', 0.27692515), ('n07579787', 'plate', 0.21978337), ('n07565083', 'menu', 0.14821123)]]
00090.jpg:[[('n07579787', 'plate', 0.9001565), ('n07716906', 'spaghetti_squash', 0.03199377), ('n07717410', 'acorn_squash', 0.0295626)]]
00100.jpg:[[('n07579787', 'plate', 0.45741096), ('n07697313', 'cheeseburger', 0.25447637), ('n07717410', 'acorn_squash', 0.04028744)]]
00110.jpg:[[('n07579787', 'plate', 0.516875), ('n07715103', 'cauliflower', 0.08369328), ('n12144580', 'corn', 0.083408974)]]
00120.jpg:[[('n07684084', 'French_loaf', 0.84806544), ('n07579787', 'plate', 0.039144162), ('n02776631', 'bakery', 0.033042192)]]
00130.jpg:[[('n02776631', 'bakery', 0.7062274), ('n02927161', 'butcher_shop', 0.1107784), ('n07697537', 'hotdog', 0.041042965)]]
00140.jpg:[[('n04263257', 'soup_bowl', 0.80604446), ('n07932039', 'eggnog', 0.08588932), ('n03633091', 'ladle', 0.020132931)]]
00150.jpg:[[('n07614500', 'ice_cream', 0.9795562), ('n07615774', 'ice_lolly', 0.003012405), ('n02776631', 'bakery', 0.0026026445)]]
00160.jpg:[[('n07584110', 'consomme', 0.99266726), ('n04263257', 'soup_bowl', 0.0071736616), ('n07579787', 'plate', 4.5399618e-05)]]
00170.jpg:[[('n07711569', 'mashed_potato', 0.22968611), ('n07579787', 'plate', 0.1507698), ('n07871810', 'meat_loaf', 0.09765766)]]
00180.jpg:[[('n07579787', 'plate', 0.43842164), ('n02776631', 'bakery', 0.28145254), ('n07614500', 'ice_cream', 0.08908638)]]
00190.jpg:[[('n07697537', 'hotdog', 0.7797026), ('n07697313', 'cheeseburger', 0.15525466), ('n07579787', 'plate', 0.051945705)]]
00200.jpg:[[('n07697313', 'cheeseburger', 0.19225512), ('n07871810', 'meat_loaf', 0.16780645), ('n07932039', 'eggnog', 0.16122267)]]
00210.jpg:[[('n07693725', 'bagel', 0.57522494), ('n07695742', 'pretzel', 0.27310926), ('n02776631', 'bakery', 0.041157153)]]
00220.jpg:[[('n07614500', 'ice_cream', 0.8539224), ('n07715103', 'cauliflower', 0.07404576), ('n07860988', 'dough', 0.05679408)]]
00230.jpg:[[('n07873807', 'pizza', 0.9497959), ('n07875152', 'potpie', 0.047351185), ('n03400231', 'frying_pan', 0.0019445409)]]
00240.jpg:[[('n07745940', 'strawberry', 0.95993114), ('n04259630', 'sombrero', 0.01573306), ('n07613480', 'trifle', 0.013859876)]]
00250.jpg:[[('n07697537', 'hotdog', 0.97127175), ('n04476259', 'tray', 0.011272441), ('n07684084', 'French_loaf', 0.002955208)]]
00260.jpg:[[('n07579787', 'plate', 0.83532953), ('n10148035', 'groom', 0.060983043), ('n12144580', 'corn', 0.020639695)]]
00270.jpg:[[('n07579787', 'plate', 0.633562), ('n07614500', 'ice_cream', 0.07941652), ('n04476259', 'tray', 0.03691348)]]
00280.jpg:[[('n07716906', 'spaghetti_squash', 0.50617534), ('n07717410', 'acorn_squash', 0.16861564), ('n07711569', 'mashed_potato', 0.10781865)]]
00290.jpg:[[('n07697313', 'cheeseburger', 0.55231154), ('n07579787', 'plate', 0.22929876), ('n07880968', 'burrito', 0.05441853)]]
00300.jpg:[[('n07753592', 'banana', 0.34305784), ('n07753275', 'pineapple', 0.18934633), ('n07717410', 'acorn_squash', 0.05595322)]]
00310.jpg:[[('n07590611', 'hot_pot', 0.2755245), ('n07584110', 'consomme', 0.19824703), ('n07579787', 'plate', 0.14863077)]]
00320.jpg:[[('n07871810', 'meat_loaf', 0.6934786), ('n07579787', 'plate', 0.20894788), ('n07711569', 'mashed_potato', 0.08018676)]]
00330.jpg:[[('n07831146', 'carbonara', 0.90984035), ('n07579787', 'plate', 0.07937801), ('n07584110', 'consomme', 0.0024118463)]]
00340.jpg:[[('n07579787', 'plate', 0.6274522), ('n07880968', 'burrito', 0.079391286), ('n07697537', 'hotdog', 0.040604554)]]
00350.jpg:[[('n07717410', 'acorn_squash', 0.5969735), ('n07716906', 'spaghetti_squash', 0.12501936), ('n07717556', 'butternut_squash', 0.075639136)]]
00360.jpg:[[('n07584110', 'consomme', 0.5654254), ('n04263257', 'soup_bowl', 0.18951194), ('n07714990', 'broccoli', 0.042552624)]]
00370.jpg:[[('n07745940', 'strawberry', 0.9968483), ('n07613480', 'trifle', 0.0009737307), ('n07768694', 'pomegranate', 0.00071493804)]]
00380.jpg:[[('n07614500', 'ice_cream', 0.77457476), ('n07836838', 'chocolate_sauce', 0.18495311), ('n07613480', 'trifle', 0.01644719)]]
00390.jpg:[[('n02776631', 'bakery', 0.76893896), ('n02948072', 'candle', 0.11180886), ('n01943899', 'conch', 0.034110967)]]
00400.jpg:[[('n07579787', 'plate', 0.70767313), ('n07871810', 'meat_loaf', 0.1726984), ('n01955084', 'chiton', 0.06420432)]]
00410.jpg:[[('n07579787', 'plate', 0.15336904), ('n07747607', 'orange', 0.10428776), ('n03325584', 'feather_boa', 0.08001294)]]
00420.jpg:[[('n07579787', 'plate', 0.5587585), ('n07693725', 'bagel', 0.09489165), ('n07584110', 'consomme', 0.05798835)]]
00430.jpg:[[('n07579787', 'plate', 0.5506719), ('n07684084', 'French_loaf', 0.06244159), ('n04081281', 'restaurant', 0.061046228)]]
00440.jpg:[[('n07584110', 'consomme', 0.6753469), ('n07932039', 'eggnog', 0.118434474), ('n04263257', 'soup_bowl', 0.10339224)]]
00450.jpg:[[('n07615774', 'ice_lolly', 0.9509651), ('n07753592', 'banana', 0.041471258), ('n07753275', 'pineapple', 0.00183901)]]
00460.jpg:[[('n07836838', 'chocolate_sauce', 0.27690566), ('n07579787', 'plate', 0.2462345), ('n07614500', 'ice_cream', 0.2247518)]]
00470.jpg:[[('n07836838', 'chocolate_sauce', 0.80286497), ('n04542943', 'waffle_iron', 0.16300243), ('n07614500', 'ice_cream', 0.015141966)]]
00480.jpg:[[('n07579787', 'plate', 0.27631778), ('n13052670', 'hen-of-the-woods', 0.1266468), ('n01983481', 'American_lobster', 0.11964029)]]
00490.jpg:[[('n07584110', 'consomme', 0.5781084), ('n04263257', 'soup_bowl', 0.29677072), ('n07590611', 'hot_pot', 0.040780555)]]
00500.jpg:[[('n02776631', 'bakery', 0.79814357), ('n04443257', 'tobacco_shop', 0.025244491), ('n03223299', 'doormat', 0.020019196)]]
00510.jpg:[[('n07613480', 'trifle', 0.48637545), ('n07579787', 'plate', 0.15588294), ('n07836838', 'chocolate_sauce', 0.15282808)]]
00520.jpg:[[('n07579787', 'plate', 0.72239524), ('n04476259', 'tray', 0.085911125), ('n07614500', 'ice_cream', 0.029064508)]]
00530.jpg:[[('n07836838', 'chocolate_sauce', 0.33659035), ('n07614500', 'ice_cream', 0.26215708), ('n07248320', 'book_jacket', 0.03438418)]]
00540.jpg:[[('n07880968', 'burrito', 0.9984055), ('n07875152', 'potpie', 0.0014371219), ('n07583066', 'guacamole', 4.356946e-05)]]
00550.jpg:[[('n07584110', 'consomme', 0.82867885), ('n04263257', 'soup_bowl', 0.047472004), ('n03786901', 'mortar', 0.03478771)]]
00560.jpg:[[('n07579787', 'plate', 0.60871875), ('n07875152', 'potpie', 0.06672948), ('n07684084', 'French_loaf', 0.04518623)]]
00570.jpg:[[('n13052670', 'hen-of-the-woods', 0.7377924), ('n13037406', 'gyromitra', 0.055444457), ('n07579787', 'plate', 0.037827257)]]
00580.jpg:[[('n02948072', 'candle', 0.24706343), ('n13040303', 'stinkhorn', 0.13071506), ('n02776631', 'bakery', 0.08218332)]]
00590.jpg:[[('n07579787', 'plate', 0.24492274), ('n07614500', 'ice_cream', 0.17120506), ('n07753275', 'pineapple', 0.12500271)]]
00600.jpg:[[('n07614500', 'ice_cream', 0.6057817), ('n03443371', 'goblet', 0.113466), ('n02948072', 'candle', 0.05830467)]]
00610.jpg:[[('n07579787', 'plate', 0.6188485), ('n07711569', 'mashed_potato', 0.10067252), ('n07880968', 'burrito', 0.06550287)]]
00620.jpg:[[('n07875152', 'potpie', 0.29059508), ('n07714571', 'head_cabbage', 0.26158285), ('n07579787', 'plate', 0.08339468)]]
00630.jpg:[[('n04111531', 'rotisserie', 0.4342788), ('n07871810', 'meat_loaf', 0.35162294), ('n04325704', 'stole', 0.082009)]]
00640.jpg:[[('n03786901', 'mortar', 0.3345002), ('n07584110', 'consomme', 0.13991264), ('n04596742', 'wok', 0.111630134)]]
00650.jpg:[[('n07873807', 'pizza', 0.98414683), ('n07875152', 'potpie', 0.003350665), ('n07684084', 'French_loaf', 0.0015601504)]]
00660.jpg:[[('n04263257', 'soup_bowl', 0.9419711), ('n07932039', 'eggnog', 0.027595706), ('n03920288', 'Petri_dish', 0.012621084)]]
00670.jpg:[[('n04596742', 'wok', 0.46663356), ('n03400231', 'frying_pan', 0.12534563), ('n07590611', 'hot_pot', 0.105867855)]]
00680.jpg:[[('n07584110', 'consomme', 0.51431954), ('n04263257', 'soup_bowl', 0.4276801), ('n07590611', 'hot_pot', 0.037503194)]]
00690.jpg:[[('n07579787', 'plate', 0.6373724), ('n07584110', 'consomme', 0.13215715), ('n07880968', 'burrito', 0.12770432)]]
00700.jpg:[[('n07697313', 'cheeseburger', 0.3196057), ('n12144580', 'corn', 0.10281879), ('n07579787', 'plate', 0.09533318)]]
00710.jpg:[[('n07836838', 'chocolate_sauce', 0.22979753), ('n07614500', 'ice_cream', 0.115693025), ('n07871810', 'meat_loaf', 0.106700495)]]
00720.jpg:[[('n07613480', 'trifle', 0.5638507), ('n07614500', 'ice_cream', 0.19198129), ('n07579787', 'plate', 0.06306147)]]
00730.jpg:[[('n07697537', 'hotdog', 0.9883725), ('n07880968', 'burrito', 0.0043833843), ('n07583066', 'guacamole', 0.0033576791)]]
00740.jpg:[[('n07613480', 'trifle', 0.36078122), ('n07614500', 'ice_cream', 0.14982237), ('n02948072', 'candle', 0.088606454)]]
00750.jpg:[[('n07579787', 'plate', 0.5099305), ('n07836838', 'chocolate_sauce', 0.20734805), ('n02776631', 'bakery', 0.09313557)]]
00760.jpg:[[('n04476259', 'tray', 0.26415116), ('n07583066', 'guacamole', 0.1276263), ('n03991062', 'pot', 0.10097602)]]
00770.jpg:[[('n07579787', 'plate', 0.37588966), ('n07711569', 'mashed_potato', 0.20381102), ('n07871810', 'meat_loaf', 0.04869221)]]
00780.jpg:[[('n07880968', 'burrito', 0.983946), ('n07614500', 'ice_cream', 0.004253201), ('n07583066', 'guacamole', 0.003947819)]]
00790.jpg:[[('n07613480', 'trifle', 0.84660655), ('n07768694', 'pomegranate', 0.05424928), ('n02776631', 'bakery', 0.028581094)]]
00800.jpg:[[('n07836838', 'chocolate_sauce', 0.8975397), ('n07614500', 'ice_cream', 0.05666953), ('n07613480', 'trifle', 0.0062845917)]]
00810.jpg:[[('n07831146', 'carbonara', 0.9994599), ('n07579787', 'plate', 0.00040500675), ('n07716906', 'spaghetti_squash', 0.00011566967)]]
00820.jpg:[[('n07932039', 'eggnog', 0.4045748), ('n07693725', 'bagel', 0.20361233), ('n07584110', 'consomme', 0.08775173)]]
00830.jpg:[[('n07697313', 'cheeseburger', 0.6670287), ('n07697537', 'hotdog', 0.30311087), ('n07831146', 'carbonara', 0.010264871)]]
00840.jpg:[[('n04111531', 'rotisserie', 0.36250615), ('n04476259', 'tray', 0.18165533), ('n07684084', 'French_loaf', 0.16618519)]]
00850.jpg:[[('n07697537', 'hotdog', 0.9738323), ('n03729826', 'matchstick', 0.01617984), ('n02666196', 'abacus', 0.0020739147)]]
00860.jpg:[[('n04081281', 'restaurant', 0.24424055), ('n07614500', 'ice_cream', 0.14938629), ('n07753592', 'banana', 0.082849)]]
00870.jpg:[[('n07579787', 'plate', 0.66567594), ('n07615774', 'ice_lolly', 0.053097144), ('n07717556', 'butternut_squash', 0.034757957)]]
00880.jpg:[[('n07871810', 'meat_loaf', 0.7476783), ('n07711569', 'mashed_potato', 0.2517661), ('n07579787', 'plate', 0.0002989957)]]
00890.jpg:[[('n07684084', 'French_loaf', 0.49113882), ('n07579787', 'plate', 0.23081203), ('n02776631', 'bakery', 0.06779749)]]
00900.jpg:[[('n07836838', 'chocolate_sauce', 0.10527634), ('n07613480', 'trifle', 0.090994805), ('n07579787', 'plate', 0.07436667)]]
00910.jpg:[[('n07747607', 'orange', 0.59131676), ('n07768694', 'pomegranate', 0.14401841), ('n07753592', 'banana', 0.08272805)]]
00920.jpg:[[('n07584110', 'consomme', 0.997821), ('n07920052', 'espresso', 0.0010795753), ('n04263257', 'soup_bowl', 0.0005084877)]]
00930.jpg:[[('n07584110', 'consomme', 0.6952567), ('n04263257', 'soup_bowl', 0.17482345), ('n07590611', 'hot_pot', 0.04586874)]]
00940.jpg:[[('n07693725', 'bagel', 0.48366508), ('n07875152', 'potpie', 0.26468182), ('n07695742', 'pretzel', 0.14497823)]]
00950.jpg:[[('n07831146', 'carbonara', 0.99951816), ('n07579787', 'plate', 0.0004403012), ('n07716906', 'spaghetti_squash', 1.5177393e-05)]]
00960.jpg:[[('n07711569', 'mashed_potato', 0.3806439), ('n01981276', 'king_crab', 0.29964083), ('n07871810', 'meat_loaf', 0.08130255)]]
00970.jpg:[[('n07873807', 'pizza', 0.9911651), ('n07590611', 'hot_pot', 0.0019308662), ('n07875152', 'potpie', 0.0018093837)]]
00980.jpg:[[('n07579787', 'plate', 0.34932122), ('n04476259', 'tray', 0.32329217), ('n07836838', 'chocolate_sauce', 0.1994022)]]
00990.jpg:[[('n07579787', 'plate', 0.4261807), ('n07684084', 'French_loaf', 0.30586505), ('n07697537', 'hotdog', 0.06059534)]]
01000.jpg:[[('n02088238', 'basset', 0.9014879), ('n02089867', 'Walker_hound', 0.07480888), ('n02088364', 'beagle', 0.011593164)]]
01010.jpg:[[('n02108089', 'boxer', 0.30477184), ('n02093428', 'American_Staffordshire_terrier', 0.19417757), ('n02110806', 'basenji', 0.07053434)]]
01020.jpg:[[('n02127052', 'lynx', 0.4783535), ('n02123394', 'Persian_cat', 0.19311531), ('n02120079', 'Arctic_fox', 0.07074904)]]
01030.jpg:[[('n02123597', 'Siamese_cat', 0.9995869), ('n02124075', 'Egyptian_cat', 0.00029858944), ('n03887697', 'paper_towel', 1.6421103e-05)]]
01040.jpg:[[('n02093428', 'American_Staffordshire_terrier', 0.7115959), ('n02093256', 'Staffordshire_bullterrier', 0.16743697), ('n02108422', 'bull_mastiff', 0.087777354)]]
01050.jpg:[[('n02123394', 'Persian_cat', 0.99983966), ('n02127052', 'lynx', 4.842116e-05), ('n02328150', 'Angora', 3.161528e-05)]]
01060.jpg:[[('n02093428', 'American_Staffordshire_terrier', 0.89114803), ('n02093256', 'Staffordshire_bullterrier', 0.08506586), ('n02108422', 'bull_mastiff', 0.0209244)]]
01070.jpg:[[('n02100735', 'English_setter', 0.9968528), ('n02102318', 'cocker_spaniel', 0.0014782695), ('n02101556', 'clumber', 0.0006680657)]]
01080.jpg:[[('n03642806', 'laptop', 0.30158928), ('n04141975', 'scale', 0.18331572), ('n04004767', 'printer', 0.047327776)]]
01090.jpg:[[('n02111277', 'Newfoundland', 0.9871235), ('n02102318', 'cocker_spaniel', 0.0046051736), ('n02108551', 'Tibetan_mastiff', 0.0045207855)]]
01100.jpg:[[('n02109525', 'Saint_Bernard', 0.99819595), ('n02107574', 'Greater_Swiss_Mountain_dog', 0.00072708476), ('n02111500', 'Great_Pyrenees', 0.0002756441)]]
01110.jpg:[[('n02109047', 'Great_Dane', 0.57019734), ('n02107142', 'Doberman', 0.08806414), ('n02113978', 'Mexican_hairless', 0.07277188)]]
01120.jpg:[[('n02124075', 'Egyptian_cat', 0.95187837), ('n02128757', 'snow_leopard', 0.021160882), ('n02123159', 'tiger_cat', 0.008568069)]]
01130.jpg:[[('n02107312', 'miniature_pinscher', 0.7747817), ('n02087046', 'toy_terrier', 0.17794539), ('n02107142', 'Doberman', 0.027794067)]]
01140.jpg:[[('n02108551', 'Tibetan_mastiff', 0.47914085), ('n02112137', 'chow', 0.38202626), ('n02112350', 'keeshond', 0.09344206)]]
01150.jpg:[[('n02326432', 'hare', 0.5487861), ('n02124075', 'Egyptian_cat', 0.14071375), ('n02127052', 'lynx', 0.12072811)]]
01160.jpg:[[('n02088364', 'beagle', 0.24934773), ('n02091134', 'whippet', 0.1797818), ('n02110185', 'Siberian_husky', 0.09051737)]]
01170.jpg:[[('n02088238', 'basset', 0.9339404), ('n02088466', 'bloodhound', 0.038315076), ('n02089867', 'Walker_hound', 0.016046086)]]
01180.jpg:[[('n02093754', 'Border_terrier', 0.5344652), ('n02111129', 'Leonberg', 0.4281577), ('n02105162', 'malinois', 0.014201092)]]
01190.jpg:[[('n02123597', 'Siamese_cat', 0.91715896), ('n02123394', 'Persian_cat', 0.042678524), ('n02328150', 'Angora', 0.031873263)]]
01200.jpg:[[('n02085782', 'Japanese_spaniel', 0.99362576), ('n02086646', 'Blenheim_spaniel', 0.0024614516), ('n02086079', 'Pekinese', 0.001476997)]]
01210.jpg:[[('n02110958', 'pug', 0.9958489), ('n02112706', 'Brabancon_griffon', 0.003187429), ('n02091467', 'Norwegian_elkhound', 0.00067192205)]]
01221.jpg:[[('n02127052', 'lynx', 0.20347452), ('n02120505', 'grey_fox', 0.19861855), ('n02123045', 'tabby', 0.11051024)]]
01231.jpg:[[('n02100735', 'English_setter', 0.9892207), ('n02110341', 'dalmatian', 0.0053102896), ('n02101388', 'Brittany_spaniel', 0.001350454)]]
01241.jpg:[[('n02100236', 'German_short-haired_pointer', 0.960808), ('n02088632', 'bluetick', 0.03263426), ('n02100735', 'English_setter', 0.005833839)]]
01251.jpg:[[('n02107142', 'Doberman', 0.69583), ('n02100236', 'German_short-haired_pointer', 0.27498716), ('n02109047', 'Great_Dane', 0.013746722)]]
01261.jpg:[[('n02093428', 'American_Staffordshire_terrier', 0.862185), ('n02093256', 'Staffordshire_bullterrier', 0.059471812), ('n02108089', 'boxer', 0.03136157)]]
01271.jpg:[[('n02110958', 'pug', 0.9992574), ('n02108915', 'French_bulldog', 0.00034997854), ('n02112706', 'Brabancon_griffon', 0.00023393598)]]
01281.jpg:[[('n02111129', 'Leonberg', 0.97478366), ('n02106662', 'German_shepherd', 0.011726097), ('n02088094', 'Afghan_hound', 0.00484013)]]
01291.jpg:[[('n02096051', 'Airedale', 0.36022264), ('n02107142', 'Doberman', 0.15263991), ('n02107312', 'miniature_pinscher', 0.119608305)]]
01301.jpg:[[('n02113023', 'Pembroke', 0.29480833), ('n02115641', 'dingo', 0.22459342), ('n02085620', 'Chihuahua', 0.10611521)]]
01311.jpg:[[('n02111889', 'Samoyed', 0.9366532), ('n02114548', 'white_wolf', 0.041412294), ('n02120079', 'Arctic_fox', 0.013811346)]]
01321.jpg:[[('n02109047', 'Great_Dane', 0.9733709), ('n02093428', 'American_Staffordshire_terrier', 0.010588829), ('n02108089', 'boxer', 0.0055640964)]]
01331.jpg:[[('n02111129', 'Leonberg', 0.8857892), ('n02105056', 'groenendael', 0.047334787), ('n02108551', 'Tibetan_mastiff', 0.018477725)]]
01341.jpg:[[('n02108089', 'boxer', 0.9691153), ('n02109525', 'Saint_Bernard', 0.025827356), ('n02108422', 'bull_mastiff', 0.0011914336)]]
01351.jpg:[[('n02097474', 'Tibetan_terrier', 0.73762923), ('n02098413', 'Lhasa', 0.15443762), ('n02086240', 'Shih-Tzu', 0.076391816)]]
01361.jpg:[[('n02094433', 'Yorkshire_terrier', 0.7957356), ('n02087046', 'toy_terrier', 0.12930699), ('n02112706', 'Brabancon_griffon', 0.02001374)]]
01371.jpg:[[('n02101006', 'Gordon_setter', 0.8563636), ('n02097130', 'giant_schnauzer', 0.025179096), ('n02105251', 'briard', 0.017192494)]]
01381.jpg:[[('n02111500', 'Great_Pyrenees', 0.718694), ('n02104029', 'kuvasz', 0.20620954), ('n02099601', 'golden_retriever', 0.06403481)]]
01391.jpg:[[('n02088238', 'basset', 0.7156599), ('n02088364', 'beagle', 0.24875183), ('n02089867', 'Walker_hound', 0.03333672)]]
01401.jpg:[[('n02124075', 'Egyptian_cat', 0.3570223), ('n02123597', 'Siamese_cat', 0.1457668), ('n02120079', 'Arctic_fox', 0.06365797)]]
01411.jpg:[[('n02113624', 'toy_poodle', 0.5393464), ('n02096437', 'Dandie_Dinmont', 0.15134706), ('n02113712', 'miniature_poodle', 0.114241555)]]
01421.jpg:[[('n02110958', 'pug', 0.68954885), ('n02108422', 'bull_mastiff', 0.16555801), ('n02108089', 'boxer', 0.07238539)]]
01431.jpg:[[('n02100735', 'English_setter', 0.9815185), ('n02102040', 'English_springer', 0.0059358175), ('n02110341', 'dalmatian', 0.0024558492)]]
01441.jpg:[[('n02093256', 'Staffordshire_bullterrier', 0.62532085), ('n02093428', 'American_Staffordshire_terrier', 0.1631446), ('n02099712', 'Labrador_retriever', 0.06595467)]]
01451.jpg:[[('n02098105', 'soft-coated_wheaten_terrier', 0.9274194), ('n02093991', 'Irish_terrier', 0.043986846), ('n02095570', 'Lakeland_terrier', 0.014363687)]]
01461.jpg:[[('n02123394', 'Persian_cat', 0.9240338), ('n02123597', 'Siamese_cat', 0.01726991), ('n02328150', 'Angora', 0.0072125215)]]
01471.jpg:[[('n02093256', 'Staffordshire_bullterrier', 0.68047917), ('n02107312', 'miniature_pinscher', 0.08479477), ('n02113978', 'Mexican_hairless', 0.066190876)]]
01481.jpg:[[('n02109525', 'Saint_Bernard', 0.99998164), ('n02111500', 'Great_Pyrenees', 7.3514557e-06), ('n02111129', 'Leonberg', 3.774531e-06)]]
01491.jpg:[[('n02098105', 'soft-coated_wheaten_terrier', 0.9969111), ('n02095570', 'Lakeland_terrier', 0.00095646473), ('n02105505', 'komondor', 0.00047923703)]]
01501.jpg:[[('n02111889', 'Samoyed', 0.9274772), ('n02114548', 'white_wolf', 0.028282423), ('n02104029', 'kuvasz', 0.016488498)]]
01511.jpg:[[('n02112350', 'keeshond', 0.663626), ('n02111129', 'Leonberg', 0.07403667), ('n02088094', 'Afghan_hound', 0.046612527)]]
01521.jpg:[[('n02102318', 'cocker_spaniel', 0.9830784), ('n02102040', 'English_springer', 0.015094373), ('n02102480', 'Sussex_spaniel', 0.0010439361)]]
01531.jpg:[[('n02108089', 'boxer', 0.8152087), ('n02108422', 'bull_mastiff', 0.18108416), ('n02087394', 'Rhodesian_ridgeback', 0.0025146822)]]
01541.jpg:[[('n02098413', 'Lhasa', 0.64118636), ('n02086079', 'Pekinese', 0.32839543), ('n02086240', 'Shih-Tzu', 0.014108353)]]
01551.jpg:[[('n02111500', 'Great_Pyrenees', 0.50234014), ('n02108551', 'Tibetan_mastiff', 0.25764543), ('n02104029', 'kuvasz', 0.1337292)]]
01561.jpg:[[('n02124075', 'Egyptian_cat', 0.17081025), ('n02123045', 'tabby', 0.13393599), ('n02123159', 'tiger_cat', 0.091998674)]]
01571.jpg:[[('n02123159', 'tiger_cat', 0.30060878), ('n02123045', 'tabby', 0.21759494), ('n02123394', 'Persian_cat', 0.13859273)]]
01581.jpg:[[('n02093256', 'Staffordshire_bullterrier', 0.798347), ('n02109047', 'Great_Dane', 0.0705697), ('n02093428', 'American_Staffordshire_terrier', 0.053343028)]]
01591.jpg:[[('n02093428', 'American_Staffordshire_terrier', 0.49696994), ('n02093256', 'Staffordshire_bullterrier', 0.43320206), ('n02108915', 'French_bulldog', 0.02257718)]]
01601.jpg:[[('n02110958', 'pug', 0.37880233), ('n02108915', 'French_bulldog', 0.27687618), ('n02108089', 'boxer', 0.19990169)]]
01611.jpg:[[('n02127052', 'lynx', 0.38066834), ('n02124075', 'Egyptian_cat', 0.19985), ('n02123159', 'tiger_cat', 0.13631704)]]
01621.jpg:[[('n02100236', 'German_short-haired_pointer', 0.8265513), ('n02105412', 'kelpie', 0.1606805), ('n02088632', 'bluetick', 0.006366514)]]
01631.jpg:[[('n02085620', 'Chihuahua', 0.9553741), ('n02087046', 'toy_terrier', 0.03994983), ('n02108915', 'French_bulldog', 0.0008310806)]]
01641.jpg:[[('n02088238', 'basset', 0.95084226), ('n02088466', 'bloodhound', 0.015968656), ('n02089867', 'Walker_hound', 0.015742254)]]
01651.jpg:[[('n02112350', 'keeshond', 0.94905853), ('n02091467', 'Norwegian_elkhound', 0.024578163), ('n02112137', 'chow', 0.0057786233)]]
01661.jpg:[[('n02100236', 'German_short-haired_pointer', 0.9996691), ('n02088632', 'bluetick', 0.00013204619), ('n02099712', 'Labrador_retriever', 6.897193e-05)]]
01671.jpg:[[('n02112350', 'keeshond', 0.93318886), ('n02112018', 'Pomeranian', 0.023273932), ('n02112137', 'chow', 0.015861016)]]
01681.jpg:[[('n02093256', 'Staffordshire_bullterrier', 0.7797641), ('n02093428', 'American_Staffordshire_terrier', 0.1551118), ('n02108089', 'boxer', 0.047009606)]]
01691.jpg:[[('n02100735', 'English_setter', 0.87309766), ('n02088094', 'Afghan_hound', 0.045466684), ('n02090622', 'borzoi', 0.038894348)]]
01701.jpg:[[('n02124075', 'Egyptian_cat', 0.94437104), ('n02123045', 'tabby', 0.012949869), ('n02123159', 'tiger_cat', 0.0075836224)]]
01711.jpg:[[('n02113978', 'Mexican_hairless', 0.7280493), ('n02123597', 'Siamese_cat', 0.0995423), ('n02124075', 'Egyptian_cat', 0.048853166)]]
01721.jpg:[[('n02085936', 'Maltese_dog', 0.63343304), ('n02097474', 'Tibetan_terrier', 0.06792722), ('n02111500', 'Great_Pyrenees', 0.064394005)]]
01731.jpg:[[('n02096294', 'Australian_terrier', 0.3899046), ('n02097658', 'silky_terrier', 0.33007565), ('n02094433', 'Yorkshire_terrier', 0.27487108)]]
01741.jpg:[[('n02123597', 'Siamese_cat', 0.98068917), ('n02127052', 'lynx', 0.016113907), ('n04554684', 'washer', 0.00089384906)]]
01751.jpg:[[('n02097047', 'miniature_schnauzer', 0.68908405), ('n02097298', 'Scotch_terrier', 0.1700005), ('n02097209', 'standard_schnauzer', 0.052877232)]]
01761.jpg:[[('n02087046', 'toy_terrier', 0.5271469), ('n02085620', 'Chihuahua', 0.27107546), ('n02110806', 'basenji', 0.07472192)]]
01771.jpg:[[('n02100735', 'English_setter', 0.8619036), ('n02091831', 'Saluki', 0.012039089), ('n02091134', 'whippet', 0.011783072)]]
01781.jpg:[[('n02124075', 'Egyptian_cat', 0.96831256), ('n02127052', 'lynx', 0.012611339), ('n02123597', 'Siamese_cat', 0.006413958)]]
01791.jpg:[[('n02091244', 'Ibizan_hound', 0.9346585), ('n02110806', 'basenji', 0.02094729), ('n02091032', 'Italian_greyhound', 0.009647702)]]
01801.jpg:[[('n02124075', 'Egyptian_cat', 0.8772224), ('n02123159', 'tiger_cat', 0.0305407), ('n02123045', 'tabby', 0.016513351)]]
01811.jpg:[[('n02109525', 'Saint_Bernard', 0.98463124), ('n02107683', 'Bernese_mountain_dog', 0.00395093), ('n02088364', 'beagle', 0.0022039113)]]
01821.jpg:[[('n02112350', 'keeshond', 0.994783), ('n02112018', 'Pomeranian', 0.0011006986), ('n02091467', 'Norwegian_elkhound', 0.00071773364)]]
01831.jpg:[[('n02124075', 'Egyptian_cat', 0.9853597), ('n02123597', 'Siamese_cat', 0.005679573), ('n02123045', 'tabby', 0.0017959799)]]
01841.jpg:[[('n02094433', 'Yorkshire_terrier', 0.7720857), ('n02096294', 'Australian_terrier', 0.07546698), ('n02096177', 'cairn', 0.06422568)]]
01851.jpg:[[('n02109525', 'Saint_Bernard', 0.9952808), ('n02108089', 'boxer', 0.00267418), ('n02109047', 'Great_Dane', 0.00076081813)]]
01861.jpg:[[('n02123394', 'Persian_cat', 0.55404896), ('n02127052', 'lynx', 0.41343284), ('n02123597', 'Siamese_cat', 0.010376566)]]
01871.jpg:[[('n02094433', 'Yorkshire_terrier', 0.9889107), ('n02097658', 'silky_terrier', 0.0083815055), ('n02096294', 'Australian_terrier', 0.0023017903)]]
01881.jpg:[[('n02093256', 'Staffordshire_bullterrier', 0.54336005), ('n02099712', 'Labrador_retriever', 0.19859624), ('n02093428', 'American_Staffordshire_terrier', 0.13779928)]]
01891.jpg:[[('n02088238', 'basset', 0.6501412), ('n02089867', 'Walker_hound', 0.28299066), ('n02088364', 'beagle', 0.039613582)]]
01901.jpg:[[('n02110958', 'pug', 0.247893), ('n02096585', 'Boston_bull', 0.17698333), ('n02108422', 'bull_mastiff', 0.15732278)]]
01911.jpg:[[('n02093428', 'American_Staffordshire_terrier', 0.694155), ('n02093256', 'Staffordshire_bullterrier', 0.29629058), ('n02110341', 'dalmatian', 0.0021728245)]]
01921.jpg:[[('n02112350', 'keeshond', 0.9977151), ('n02105056', 'groenendael', 0.0012871173), ('n02091467', 'Norwegian_elkhound', 0.0007052565)]]
01931.jpg:[[('n02086240', 'Shih-Tzu', 0.31366196), ('n02096294', 'Australian_terrier', 0.072554015), ('n02085936', 'Maltese_dog', 0.06577101)]]
01941.jpg:[[('n02085620', 'Chihuahua', 0.92450225), ('n04589890', 'window_screen', 0.0286585), ('n03223299', 'doormat', 0.012482465)]]
01951.jpg:[[('n02112350', 'keeshond', 0.9997187), ('n02091467', 'Norwegian_elkhound', 0.00026641527), ('n02112018', 'Pomeranian', 4.1397884e-06)]]
01961.jpg:[[('n02093428', 'American_Staffordshire_terrier', 0.9157845), ('n02093256', 'Staffordshire_bullterrier', 0.08033753), ('n02108915', 'French_bulldog', 0.0011272437)]]
01971.jpg:[[('n02127052', 'lynx', 0.3543609), ('n02120079', 'Arctic_fox', 0.22041707), ('n02124075', 'Egyptian_cat', 0.12128993)]]
01981.jpg:[[('n02097298', 'Scotch_terrier', 0.82274586), ('n02097130', 'giant_schnauzer', 0.082831465), ('n02106382', 'Bouvier_des_Flandres', 0.025283983)]]
01991.jpg:[[('n02124075', 'Egyptian_cat', 0.7574106), ('n02127052', 'lynx', 0.0772687), ('n02123597', 'Siamese_cat', 0.03659873)]]
02001.jpg:[[('n02814533', 'beach_wagon', 0.821854), ('n02930766', 'cab', 0.083862446), ('n03459775', 'grille', 0.037506714)]]
02011.jpg:[[('n04285008', 'sports_car', 0.7882625), ('n04037443', 'racer', 0.1136163), ('n02974003', 'car_wheel', 0.0442137)]]
02021.jpg:[[('n03930630', 'pickup', 0.98583835), ('n04461696', 'tow_truck', 0.0037327101), ('n03770679', 'minivan', 0.0019007814)]]
02031.jpg:[[('n03930630', 'pickup', 0.1676903), ('n03895866', 'passenger_car', 0.12732108), ('n03770679', 'minivan', 0.09719602)]]
02041.jpg:[[('n04285008', 'sports_car', 0.7480569), ('n03100240', 'convertible', 0.07342737), ('n03895866', 'passenger_car', 0.054104116)]]
02051.jpg:[[('n04285008', 'sports_car', 0.43720293), ('n03100240', 'convertible', 0.109220505), ('n03770679', 'minivan', 0.07872959)]]
02061.jpg:[[('n03100240', 'convertible', 0.9584135), ('n04285008', 'sports_car', 0.03119251), ('n02974003', 'car_wheel', 0.004142388)]]
02071.jpg:[[('n03770679', 'minivan', 0.4419542), ('n04285008', 'sports_car', 0.15926199), ('n02974003', 'car_wheel', 0.10051753)]]
02081.jpg:[[('n03770679', 'minivan', 0.4330297), ('n03594945', 'jeep', 0.23122531), ('n03930630', 'pickup', 0.070896275)]]
02091.jpg:[[('n03769881', 'minibus', 0.7658583), ('n03796401', 'moving_van', 0.07596146), ('n03770679', 'minivan', 0.057611305)]]
02101.jpg:[[('n03459775', 'grille', 0.3709953), ('n03796401', 'moving_van', 0.16770875), ('n03770679', 'minivan', 0.054306682)]]
02111.jpg:[[('n04285008', 'sports_car', 0.6870404), ('n04037443', 'racer', 0.2868931), ('n03100240', 'convertible', 0.017303055)]]
02121.jpg:[[('n04285008', 'sports_car', 0.30122587), ('n03594945', 'jeep', 0.19015062), ('n03100240', 'convertible', 0.17491803)]]
02131.jpg:[[('n04285008', 'sports_car', 0.6990903), ('n04037443', 'racer', 0.17037672), ('n03100240', 'convertible', 0.05841277)]]
02141.jpg:[[('n03770679', 'minivan', 0.51665455), ('n02814533', 'beach_wagon', 0.06549357), ('n04461696', 'tow_truck', 0.052035797)]]
02151.jpg:[[('n02814533', 'beach_wagon', 0.28553388), ('n04285008', 'sports_car', 0.20662013), ('n02974003', 'car_wheel', 0.18693474)]]
02161.jpg:[[('n03100240', 'convertible', 0.53385395), ('n04285008', 'sports_car', 0.20686474), ('n02974003', 'car_wheel', 0.16847265)]]
02171.jpg:[[('n03930630', 'pickup', 0.2638131), ('n03770679', 'minivan', 0.110797994), ('n03769881', 'minibus', 0.07666004)]]
02181.jpg:[[('n03100240', 'convertible', 0.5202026), ('n04285008', 'sports_car', 0.28078994), ('n02814533', 'beach_wagon', 0.065909974)]]
02191.jpg:[[('n03100240', 'convertible', 0.44447976), ('n04285008', 'sports_car', 0.3400818), ('n02814533', 'beach_wagon', 0.07148046)]]
02201.jpg:[[('n03100240', 'convertible', 0.12741816), ('n04037443', 'racer', 0.11415984), ('n02979186', 'cassette_player', 0.095617)]]
02211.jpg:[[('n03594945', 'jeep', 0.7495356), ('n02814533', 'beach_wagon', 0.11199548), ('n03930630', 'pickup', 0.026143631)]]
02221.jpg:[[('n04285008', 'sports_car', 0.38222963), ('n02974003', 'car_wheel', 0.19920357), ('n04037443', 'racer', 0.12913378)]]
02231.jpg:[[('n02701002', 'ambulance', 0.5236649), ('n03594945', 'jeep', 0.3424803), ('n03769881', 'minibus', 0.03732806)]]
02241.jpg:[[('n03100240', 'convertible', 0.91829276), ('n04285008', 'sports_car', 0.02603131), ('n04037443', 'racer', 0.02284703)]]
02251.jpg:[[('n03770679', 'minivan', 0.82314956), ('n02814533', 'beach_wagon', 0.07168414), ('n03930630', 'pickup', 0.020725172)]]
02261.jpg:[[('n03769881', 'minibus', 0.25410375), ('n03796401', 'moving_van', 0.15523158), ('n03770679', 'minivan', 0.14956449)]]
02271.jpg:[[('n03770679', 'minivan', 0.6172773), ('n03930630', 'pickup', 0.14399707), ('n04461696', 'tow_truck', 0.051389247)]]
02281.jpg:[[('n03670208', 'limousine', 0.7400083), ('n04037443', 'racer', 0.09574697), ('n02974003', 'car_wheel', 0.060998484)]]
02291.jpg:[[('n03770679', 'minivan', 0.6091644), ('n02930766', 'cab', 0.050342243), ('n03670208', 'limousine', 0.03736707)]]
02301.jpg:[[('n04467665', 'trailer_truck', 0.19058552), ('n04461696', 'tow_truck', 0.18513893), ('n03796401', 'moving_van', 0.1756173)]]
02311.jpg:[[('n03100240', 'convertible', 0.28691065), ('n02814533', 'beach_wagon', 0.1489366), ('n04037443', 'racer', 0.10496682)]]
02321.jpg:[[('n03796401', 'moving_van', 0.19922698), ('n03977966', 'police_van', 0.14283058), ('n03770679', 'minivan', 0.13787934)]]
02331.jpg:[[('n03930630', 'pickup', 0.52898663), ('n03769881', 'minibus', 0.044900443), ('n02667093', 'abaya', 0.029731076)]]
02341.jpg:[[('n03670208', 'limousine', 0.5997689), ('n03100240', 'convertible', 0.091386214), ('n02930766', 'cab', 0.063887306)]]
02351.jpg:[[('n03100240', 'convertible', 0.23001646), ('n02814533', 'beach_wagon', 0.21657084), ('n02974003', 'car_wheel', 0.10600709)]]
02361.jpg:[[('n03796401', 'moving_van', 0.98394877), ('n03769881', 'minibus', 0.008460145), ('n04467665', 'trailer_truck', 0.0035187514)]]
02371.jpg:[[('n02814533', 'beach_wagon', 0.35163727), ('n03770679', 'minivan', 0.32430542), ('n02974003', 'car_wheel', 0.058647253)]]
02381.jpg:[[('n03770679', 'minivan', 0.49618003), ('n03100240', 'convertible', 0.07868931), ('n03459775', 'grille', 0.06420204)]]
02391.jpg:[[('n03770679', 'minivan', 0.3110524), ('n02814533', 'beach_wagon', 0.20975624), ('n03769881', 'minibus', 0.15091889)]]
02401.jpg:[[('n04285008', 'sports_car', 0.97414625), ('n03100240', 'convertible', 0.020732533), ('n04037443', 'racer', 0.00410309)]]
02411.jpg:[[('n03100240', 'convertible', 0.5302194), ('n04285008', 'sports_car', 0.23226501), ('n02974003', 'car_wheel', 0.080969974)]]
02421.jpg:[[('n04285008', 'sports_car', 0.45895475), ('n04037443', 'racer', 0.2249212), ('n03100240', 'convertible', 0.1847244)]]
02431.jpg:[[('n03100240', 'convertible', 0.93616086), ('n02814533', 'beach_wagon', 0.011763327), ('n03930630', 'pickup', 0.0108697675)]]
02441.jpg:[[('n03930630', 'pickup', 0.47702947), ('n03796401', 'moving_van', 0.27307683), ('n04461696', 'tow_truck', 0.13072951)]]
02451.jpg:[[('n03770679', 'minivan', 0.42643997), ('n03769881', 'minibus', 0.049855456), ('n04461696', 'tow_truck', 0.03322144)]]
02461.jpg:[[('n03930630', 'pickup', 0.5682756), ('n04461696', 'tow_truck', 0.23270905), ('n03670208', 'limousine', 0.1125477)]]
02471.jpg:[[('n04285008', 'sports_car', 0.78030413), ('n03100240', 'convertible', 0.10444516), ('n04037443', 'racer', 0.07709857)]]
02481.jpg:[[('n02974003', 'car_wheel', 0.2969874), ('n04285008', 'sports_car', 0.19849584), ('n03459775', 'grille', 0.17341569)]]
02491.jpg:[[('n03770679', 'minivan', 0.54002166), ('n02814533', 'beach_wagon', 0.22911118), ('n03769881', 'minibus', 0.025736261)]]
02501.jpg:[[('n04285008', 'sports_car', 0.30343613), ('n04461696', 'tow_truck', 0.15086874), ('n03100240', 'convertible', 0.11839045)]]
02511.jpg:[[('n03100240', 'convertible', 0.9313378), ('n03930630', 'pickup', 0.02123465), ('n02704792', 'amphibian', 0.012689697)]]
02521.jpg:[[('n04285008', 'sports_car', 0.3803505), ('n04037443', 'racer', 0.10888582), ('n03670208', 'limousine', 0.092165865)]]
02531.jpg:[[('n04285008', 'sports_car', 0.20655161), ('n02974003', 'car_wheel', 0.20103659), ('n03100240', 'convertible', 0.13228105)]]
02541.jpg:[[('n02814533', 'beach_wagon', 0.2614211), ('n03770679', 'minivan', 0.18165277), ('n02974003', 'car_wheel', 0.11879134)]]
02551.jpg:[[('n04037443', 'racer', 0.3670064), ('n04285008', 'sports_car', 0.29207832), ('n03770679', 'minivan', 0.10986068)]]
02561.jpg:[[('n03930630', 'pickup', 0.742938), ('n04461696', 'tow_truck', 0.10446659), ('n04252225', 'snowplow', 0.06393593)]]
02571.jpg:[[('n03100240', 'convertible', 0.9827512), ('n04285008', 'sports_car', 0.013059691), ('n02974003', 'car_wheel', 0.0026446758)]]
02581.jpg:[[('n04285008', 'sports_car', 0.35845637), ('n02814533', 'beach_wagon', 0.21917516), ('n02930766', 'cab', 0.18575148)]]
02591.jpg:[[('n03670208', 'limousine', 0.24637064), ('n02814533', 'beach_wagon', 0.17792945), ('n03930630', 'pickup', 0.15228608)]]
02601.jpg:[[('n03770679', 'minivan', 0.48799083), ('n03930630', 'pickup', 0.29404518), ('n04461696', 'tow_truck', 0.026893301)]]
02611.jpg:[[('n03345487', 'fire_engine', 0.38833013), ('n03100240', 'convertible', 0.10263415), ('n02930766', 'cab', 0.07081868)]]
02621.jpg:[[('n03670208', 'limousine', 0.7272066), ('n04285008', 'sports_car', 0.12290445), ('n03100240', 'convertible', 0.05777052)]]
02631.jpg:[[('n04285008', 'sports_car', 0.58148974), ('n02974003', 'car_wheel', 0.15887117), ('n03459775', 'grille', 0.13934235)]]
02641.jpg:[[('n03930630', 'pickup', 0.6869174), ('n04461696', 'tow_truck', 0.13732009), ('n03670208', 'limousine', 0.056502964)]]
02651.jpg:[[('n03670208', 'limousine', 0.30443138), ('n02930766', 'cab', 0.26186973), ('n03459775', 'grille', 0.21909142)]]
02661.jpg:[[('n02814533', 'beach_wagon', 0.26744953), ('n03930630', 'pickup', 0.26181826), ('n02974003', 'car_wheel', 0.12620862)]]
02671.jpg:[[('n02701002', 'ambulance', 0.35916594), ('n04461696', 'tow_truck', 0.08596323), ('n03796401', 'moving_van', 0.08436996)]]
02681.jpg:[[('n04037443', 'racer', 0.27524394), ('n04285008', 'sports_car', 0.24955758), ('n03100240', 'convertible', 0.10659605)]]
02691.jpg:[[('n04285008', 'sports_car', 0.74144965), ('n03127747', 'crash_helmet', 0.0953861), ('n03100240', 'convertible', 0.052129477)]]
02701.jpg:[[('n02974003', 'car_wheel', 0.2050286), ('n03930630', 'pickup', 0.15586615), ('n02814533', 'beach_wagon', 0.094075054)]]
02711.jpg:[[('n02930766', 'cab', 0.29197124), ('n04285008', 'sports_car', 0.10844432), ('n03891332', 'parking_meter', 0.10586121)]]
02721.jpg:[[('n03594945', 'jeep', 0.52098835), ('n03930630', 'pickup', 0.34583753), ('n03670208', 'limousine', 0.05538896)]]
02731.jpg:[[('n04285008', 'sports_car', 0.68069553), ('n03100240', 'convertible', 0.29520378), ('n02974003', 'car_wheel', 0.014246867)]]
02741.jpg:[[('n04285008', 'sports_car', 0.9005996), ('n02974003', 'car_wheel', 0.050811842), ('n04037443', 'racer', 0.02845384)]]
02751.jpg:[[('n04285008', 'sports_car', 0.70419824), ('n04037443', 'racer', 0.1584746), ('n02974003', 'car_wheel', 0.09399443)]]
02761.jpg:[[('n03770679', 'minivan', 0.43352252), ('n03796401', 'moving_van', 0.2820694), ('n03769881', 'minibus', 0.078955814)]]
02771.jpg:[[('n04285008', 'sports_car', 0.5136088), ('n04037443', 'racer', 0.1676603), ('n03100240', 'convertible', 0.11810828)]]
02781.jpg:[[('n03930630', 'pickup', 0.36706936), ('n02814533', 'beach_wagon', 0.12893754), ('n03770679', 'minivan', 0.105150685)]]
02791.jpg:[[('n02814533', 'beach_wagon', 0.4389795), ('n04285008', 'sports_car', 0.25461683), ('n03100240', 'convertible', 0.08909483)]]
02801.jpg:[[('n03930630', 'pickup', 0.4884207), ('n04461696', 'tow_truck', 0.104806125), ('n02974003', 'car_wheel', 0.04254622)]]
02811.jpg:[[('n04285008', 'sports_car', 0.3343827), ('n03770679', 'minivan', 0.15175642), ('n03100240', 'convertible', 0.11724691)]]
02821.jpg:[[('n04285008', 'sports_car', 0.97212404), ('n04037443', 'racer', 0.01485312), ('n04517823', 'vacuum', 0.002470923)]]
02831.jpg:[[('n03930630', 'pickup', 0.9062585), ('n04461696', 'tow_truck', 0.053199396), ('n03459775', 'grille', 0.014112188)]]
02841.jpg:[[('n04285008', 'sports_car', 0.5759849), ('n02974003', 'car_wheel', 0.13732643), ('n02814533', 'beach_wagon', 0.084786505)]]
02851.jpg:[[('n04285008', 'sports_car', 0.9178765), ('n02974003', 'car_wheel', 0.041308794), ('n03459775', 'grille', 0.013121016)]]
02861.jpg:[[('n03770679', 'minivan', 0.95039624), ('n03769881', 'minibus', 0.026700621), ('n03796401', 'moving_van', 0.0040852823)]]
02871.jpg:[[('n03100240', 'convertible', 0.96019846), ('n03459775', 'grille', 0.009880884), ('n04285008', 'sports_car', 0.007544709)]]
02881.jpg:[[('n03930630', 'pickup', 0.65030557), ('n04461696', 'tow_truck', 0.12545905), ('n03594945', 'jeep', 0.07941565)]]
02891.jpg:[[('n02930766', 'cab', 0.14477685), ('n03930630', 'pickup', 0.13326965), ('n03670208', 'limousine', 0.1256335)]]
02901.jpg:[[('n03770679', 'minivan', 0.58114415), ('n03930630', 'pickup', 0.1447714), ('n02814533', 'beach_wagon', 0.049408227)]]
02911.jpg:[[('n03100240', 'convertible', 0.39340365), ('n04285008', 'sports_car', 0.368577), ('n02814533', 'beach_wagon', 0.079156466)]]
02921.jpg:[[('n03930630', 'pickup', 0.85354596), ('n03594945', 'jeep', 0.051517446), ('n02930766', 'cab', 0.02648196)]]
02931.jpg:[[('n03770679', 'minivan', 0.97804105), ('n03769881', 'minibus', 0.009030997), ('n03792972', 'mountain_tent', 0.002697545)]]
02941.jpg:[[('n02814533', 'beach_wagon', 0.3776901), ('n03930630', 'pickup', 0.30357137), ('n04037443', 'racer', 0.10768521)]]
02951.jpg:[[('n03930630', 'pickup', 0.20490678), ('n03770679', 'minivan', 0.20129587), ('n03796401', 'moving_van', 0.1400472)]]
02961.jpg:[[('n02974003', 'car_wheel', 0.29211548), ('n02814533', 'beach_wagon', 0.15204854), ('n02930766', 'cab', 0.111736566)]]
02971.jpg:[[('n03594945', 'jeep', 0.32073954), ('n03670208', 'limousine', 0.22338013), ('n03417042', 'garbage_truck', 0.071427666)]]
02981.jpg:[[('n04037443', 'racer', 0.21861744), ('n03459775', 'grille', 0.20208205), ('n03930630', 'pickup', 0.19352314)]]
02991.jpg:[[('n03459775', 'grille', 0.5678071), ('n03770679', 'minivan', 0.13799962), ('n04285008', 'sports_car', 0.08999242)]]
03001.jpg:[[('n11939491', 'daisy', 0.97778577), ('n02206856', 'bee', 0.008230555), ('n02281406', 'sulphur_butterfly', 0.002627424)]]
03011.jpg:[[('n11939491', 'daisy', 0.9505885), ('n11879895', 'rapeseed', 0.00975821), ('n04522168', 'vase', 0.004592392)]]
03021.jpg:[[('n11879895', 'rapeseed', 0.4200178), ('n04522168', 'vase', 0.2110476), ('n02281406', 'sulphur_butterfly', 0.04640905)]]
03031.jpg:[[('n03930313', 'picket_fence', 0.3265756), ('n03991062', 'pot', 0.13733116), ('n04522168', 'vase', 0.08630168)]]
03041.jpg:[[('n03991062', 'pot', 0.20619261), ('n03930313', 'picket_fence', 0.12679194), ('n04522168', 'vase', 0.115022)]]
03051.jpg:[[('n11939491', 'daisy', 0.2107172), ('n03944341', 'pinwheel', 0.17245834), ('n03991062', 'pot', 0.100150965)]]
03062.jpg:[[('n03991062', 'pot', 0.575256), ('n11939491', 'daisy', 0.087166555), ('n04522168', 'vase', 0.06401033)]]
03072.jpg:[[('n04522168', 'vase', 0.30630976), ('n03991062', 'pot', 0.12717938), ('n11879895', 'rapeseed', 0.08304823)]]
03082.jpg:[[('n02281406', 'sulphur_butterfly', 0.3214976), ('n13044778', 'earthstar', 0.10113303), ('n11879895', 'rapeseed', 0.041817177)]]
03092.jpg:[[('n12620546', 'hip', 0.18860382), ('n03930313', 'picket_fence', 0.14730677), ('n03991062', 'pot', 0.07612228)]]
03102.jpg:[[('n11939491', 'daisy', 0.48505133), ('n07716358', 'zucchini', 0.10570914), ('n02206856', 'bee', 0.06494831)]]
03112.jpg:[[('n02280649', 'cabbage_butterfly', 0.24630742), ('n03930313', 'picket_fence', 0.16067013), ('n02279972', 'monarch', 0.120861515)]]
03122.jpg:[[('n03991062', 'pot', 0.39228258), ('n03930313', 'picket_fence', 0.20109896), ('n04522168', 'vase', 0.174705)]]
03132.jpg:[[('n11939491', 'daisy', 0.30396214), ('n01914609', 'sea_anemone', 0.13521421), ('n07734744', 'mushroom', 0.04149156)]]
03142.jpg:[[('n03991062', 'pot', 0.23378818), ('n02206856', 'bee', 0.22155443), ('n03930313', 'picket_fence', 0.08176387)]]
03152.jpg:[[('n11939491', 'daisy', 0.6660873), ('n02206856', 'bee', 0.160694), ('n04522168', 'vase', 0.03922784)]]
03162.jpg:[[('n03991062', 'pot', 0.23517138), ('n02281406', 'sulphur_butterfly', 0.17125978), ('n03930313', 'picket_fence', 0.12390286)]]
03172.jpg:[[('n03991062', 'pot', 0.2519337), ('n11939491', 'daisy', 0.11177753), ('n03930313', 'picket_fence', 0.11150034)]]
03182.jpg:[[('n02206856', 'bee', 0.4593013), ('n02280649', 'cabbage_butterfly', 0.18948908), ('n02281406', 'sulphur_butterfly', 0.053115632)]]
03192.jpg:[[('n11939491', 'daisy', 0.70690554), ('n02281406', 'sulphur_butterfly', 0.07885308), ('n02206856', 'bee', 0.049766645)]]
03202.jpg:[[('n11939491', 'daisy', 0.48884878), ('n02281406', 'sulphur_butterfly', 0.10865684), ('n02280649', 'cabbage_butterfly', 0.040832166)]]
03212.jpg:[[('n03991062', 'pot', 0.80396086), ('n07714571', 'head_cabbage', 0.01964595), ('n04522168', 'vase', 0.017322317)]]
03222.jpg:[[('n03991062', 'pot', 0.7997841), ('n03457902', 'greenhouse', 0.06998133), ('n03000134', 'chainlink_fence', 0.041692782)]]
03232.jpg:[[('n11939491', 'daisy', 0.2168672), ('n13044778', 'earthstar', 0.17465049), ('n04522168', 'vase', 0.10499041)]]
03242.jpg:[[('n03944341', 'pinwheel', 0.95914114), ('n03930313', 'picket_fence', 0.030824458), ('n02219486', 'ant', 0.0023578492)]]
03252.jpg:[[('n11939491', 'daisy', 0.28024167), ('n07714571', 'head_cabbage', 0.19351165), ('n07730033', 'cardoon', 0.14216931)]]
03262.jpg:[[('n03991062', 'pot', 0.9220629), ('n04522168', 'vase', 0.01536674), ('n11939491', 'daisy', 0.009039733)]]
03272.jpg:[[('n04522168', 'vase', 0.15747984), ('n02281406', 'sulphur_butterfly', 0.10734937), ('n07248320', 'book_jacket', 0.08602615)]]
03282.jpg:[[('n03991062', 'pot', 0.97055864), ('n04522168', 'vase', 0.018843375), ('n03457902', 'greenhouse', 0.0018748898)]]
03292.jpg:[[('n03930313', 'picket_fence', 0.1022163), ('n11879895', 'rapeseed', 0.08876595), ('n03457902', 'greenhouse', 0.081737876)]]
03302.jpg:[[('n11939491', 'daisy', 0.3988285), ('n02281406', 'sulphur_butterfly', 0.13989013), ('n03930313', 'picket_fence', 0.09658676)]]
03312.jpg:[[('n02280649', 'cabbage_butterfly', 0.23738915), ('n07715103', 'cauliflower', 0.13086078), ('n12985857', 'coral_fungus', 0.083305284)]]
03322.jpg:[[('n03991062', 'pot', 0.37366498), ('n11939491', 'daisy', 0.0825009), ('n02280649', 'cabbage_butterfly', 0.06806827)]]
03332.jpg:[[('n02281787', 'lycaenid', 0.1522987), ('n02281406', 'sulphur_butterfly', 0.13599613), ('n02206856', 'bee', 0.089775294)]]
03342.jpg:[[('n03991062', 'pot', 0.37386805), ('n04522168', 'vase', 0.099424355), ('n03930313', 'picket_fence', 0.0931854)]]
03352.jpg:[[('n11879895', 'rapeseed', 0.67890817), ('n12057211', "yellow_lady's_slipper", 0.091763414), ('n02281406', 'sulphur_butterfly', 0.021191342)]]
03362.jpg:[[('n03991062', 'pot', 0.31315845), ('n03930313', 'picket_fence', 0.26000375), ('n02206856', 'bee', 0.062001854)]]
03372.jpg:[[('n03991062', 'pot', 0.3802326), ('n03944341', 'pinwheel', 0.18888874), ('n04507155', 'umbrella', 0.07571949)]]
03382.jpg:[[('n03457902', 'greenhouse', 0.7343801), ('n04522168', 'vase', 0.13308772), ('n03930313', 'picket_fence', 0.050525438)]]
03392.jpg:[[('n02280649', 'cabbage_butterfly', 0.41885155), ('n02281406', 'sulphur_butterfly', 0.15933648), ('n02206856', 'bee', 0.13808095)]]
03402.jpg:[[('n03991062', 'pot', 0.13067064), ('n04522168', 'vase', 0.12405514), ('n03944341', 'pinwheel', 0.08166557)]]
03412.jpg:[[('n03991062', 'pot', 0.4238971), ('n07715103', 'cauliflower', 0.14823985), ('n07714571', 'head_cabbage', 0.12430573)]]
03422.jpg:[[('n07718747', 'artichoke', 0.9408008), ('n07730033', 'cardoon', 0.05916071), ('n03991062', 'pot', 1.0965617e-05)]]
03432.jpg:[[('n02280649', 'cabbage_butterfly', 0.3708049), ('n02281406', 'sulphur_butterfly', 0.20311013), ('n03991062', 'pot', 0.11892566)]]
03442.jpg:[[('n03930313', 'picket_fence', 0.8109323), ('n03991062', 'pot', 0.0997002), ('n04604644', 'worm_fence', 0.034474596)]]
03452.jpg:[[('n03991062', 'pot', 0.38033718), ('n03944341', 'pinwheel', 0.28135547), ('n03930313', 'picket_fence', 0.04262494)]]
03462.jpg:[[('n01943899', 'conch', 0.36670107), ('n04522168', 'vase', 0.062793754), ('n02948072', 'candle', 0.062325116)]]
03472.jpg:[[('n12985857', 'coral_fungus', 0.5789419), ('n03991062', 'pot', 0.07429264), ('n02280649', 'cabbage_butterfly', 0.05716589)]]
03482.jpg:[[('n02840245', 'binder', 0.28708985), ('n11939491', 'daisy', 0.24220458), ('n03991062', 'pot', 0.10955919)]]
03492.jpg:[[('n11939491', 'daisy', 0.5917079), ('n02280649', 'cabbage_butterfly', 0.062034674), ('n03991062', 'pot', 0.061867062)]]
03502.jpg:[[('n11939491', 'daisy', 0.3018401), ('n04522168', 'vase', 0.1418376), ('n12985857', 'coral_fungus', 0.1020591)]]
03512.jpg:[[('n04522168', 'vase', 0.49368763), ('n03930313', 'picket_fence', 0.21598572), ('n03991062', 'pot', 0.0527608)]]
03522.jpg:[[('n03991062', 'pot', 0.34613904), ('n04522168', 'vase', 0.18805009), ('n11939491', 'daisy', 0.08191462)]]
03532.jpg:[[('n02281406', 'sulphur_butterfly', 0.41056013), ('n02280649', 'cabbage_butterfly', 0.17904103), ('n03991062', 'pot', 0.06518799)]]
03542.jpg:[[('n03991062', 'pot', 0.30773696), ('n11939491', 'daisy', 0.08971248), ('n07742313', 'Granny_Smith', 0.065019526)]]
03552.jpg:[[('n11939491', 'daisy', 0.1690617), ('n02206856', 'bee', 0.14257897), ('n02219486', 'ant', 0.10074332)]]
03562.jpg:[[('n12985857', 'coral_fungus', 0.22291864), ('n03991062', 'pot', 0.1987814), ('n11939491', 'daisy', 0.121875085)]]
03572.jpg:[[('n02281406', 'sulphur_butterfly', 0.15644443), ('n03991062', 'pot', 0.12085792), ('n13040303', 'stinkhorn', 0.09120255)]]
03582.jpg:[[('n11939491', 'daisy', 0.9119381), ('n02206856', 'bee', 0.025841903), ('n04522168', 'vase', 0.004967037)]]
03592.jpg:[[('n11939491', 'daisy', 0.541058), ('n02206856', 'bee', 0.12854809), ('n02281406', 'sulphur_butterfly', 0.10379994)]]
03602.jpg:[[('n12057211', "yellow_lady's_slipper", 0.6831248), ('n02013706', 'limpkin', 0.05545559), ('n02177972', 'weevil', 0.05008872)]]
03612.jpg:[[('n11939491', 'daisy', 0.24421751), ('n02281406', 'sulphur_butterfly', 0.12503578), ('n02206856', 'bee', 0.096149854)]]
03622.jpg:[[('n03944341', 'pinwheel', 0.72023195), ('n03930313', 'picket_fence', 0.05183524), ('n02281406', 'sulphur_butterfly', 0.03851304)]]
03632.jpg:[[('n03457902', 'greenhouse', 0.17868704), ('n07720875', 'bell_pepper', 0.10277969), ('n02281406', 'sulphur_butterfly', 0.077721104)]]
03642.jpg:[[('n03991062', 'pot', 0.30601597), ('n03930313', 'picket_fence', 0.21797784), ('n03000134', 'chainlink_fence', 0.06913076)]]
03652.jpg:[[('n03991062', 'pot', 0.78761363), ('n12620546', 'hip', 0.066086605), ('n04522168', 'vase', 0.026116988)]]
03662.jpg:[[('n03733131', 'maypole', 0.3341829), ('n04522168', 'vase', 0.1687303), ('n03930313', 'picket_fence', 0.11770571)]]
03672.jpg:[[('n03991062', 'pot', 0.94188195), ('n04522168', 'vase', 0.014933488), ('n03930313', 'picket_fence', 0.008828615)]]
03682.jpg:[[('n02206856', 'bee', 0.33525524), ('n07730033', 'cardoon', 0.10353148), ('n11939491', 'daisy', 0.097570926)]]
03692.jpg:[[('n02281406', 'sulphur_butterfly', 0.35899165), ('n11939491', 'daisy', 0.08253753), ('n02206856', 'bee', 0.077704795)]]
03702.jpg:[[('n03991062', 'pot', 0.2506575), ('n02281406', 'sulphur_butterfly', 0.19794594), ('n11939491', 'daisy', 0.097658776)]]
03712.jpg:[[('n07747607', 'orange', 0.19857109), ('n02281406', 'sulphur_butterfly', 0.12169261), ('n12057211', "yellow_lady's_slipper", 0.10879044)]]
03722.jpg:[[('n02206856', 'bee', 0.7828946), ('n02281406', 'sulphur_butterfly', 0.031165922), ('n02190166', 'fly', 0.030786585)]]
03732.jpg:[[('n02281406', 'sulphur_butterfly', 0.2699093), ('n02280649', 'cabbage_butterfly', 0.17094074), ('n11939491', 'daisy', 0.11200181)]]
03742.jpg:[[('n02280649', 'cabbage_butterfly', 0.24570747), ('n11939491', 'daisy', 0.10816873), ('n02206856', 'bee', 0.10104892)]]
03752.jpg:[[('n03991062', 'pot', 0.6100007), ('n11939491', 'daisy', 0.120323785), ('n04522168', 'vase', 0.063202605)]]
03762.jpg:[[('n02280649', 'cabbage_butterfly', 0.16894114), ('n02281406', 'sulphur_butterfly', 0.15313955), ('n11939491', 'daisy', 0.1524067)]]
03772.jpg:[[('n03930313', 'picket_fence', 0.4569615), ('n03991062', 'pot', 0.18193999), ('n02281406', 'sulphur_butterfly', 0.056944914)]]
03782.jpg:[[('n03991062', 'pot', 0.5220233), ('n03930313', 'picket_fence', 0.11337354), ('n02281406', 'sulphur_butterfly', 0.07271402)]]
03792.jpg:[[('n02280649', 'cabbage_butterfly', 0.1781238), ('n03991062', 'pot', 0.10821831), ('n07716358', 'zucchini', 0.087903954)]]
03802.jpg:[[('n07730033', 'cardoon', 0.79939187), ('n07753275', 'pineapple', 0.070619956), ('n11939491', 'daisy', 0.024711479)]]
03812.jpg:[[('n03991062', 'pot', 0.5573104), ('n04522168', 'vase', 0.15756074), ('n11939491', 'daisy', 0.090433024)]]
03822.jpg:[[('n11939491', 'daisy', 0.99869365), ('n02219486', 'ant', 0.00023420926), ('n02206856', 'bee', 9.303186e-05)]]
03832.jpg:[[('n11939491', 'daisy', 0.91444), ('n01914609', 'sea_anemone', 0.016883712), ('n04522168', 'vase', 0.006614532)]]
03842.jpg:[[('n03944341', 'pinwheel', 0.256637), ('n03991062', 'pot', 0.16529942), ('n13044778', 'earthstar', 0.0539226)]]
03852.jpg:[[('n02206856', 'bee', 0.33722422), ('n11939491', 'daisy', 0.3119799), ('n02281406', 'sulphur_butterfly', 0.04688943)]]
03862.jpg:[[('n03476684', 'hair_slide', 0.4211106), ('n04522168', 'vase', 0.15670924), ('n04254120', 'soap_dispenser', 0.06704087)]]
03872.jpg:[[('n10148035', 'groom', 0.1090762), ('n03991062', 'pot', 0.06262558), ('n03958227', 'plastic_bag', 0.05997261)]]
03882.jpg:[[('n07720875', 'bell_pepper', 0.27092966), ('n12620546', 'hip', 0.15357989), ('n03930313', 'picket_fence', 0.125348)]]
03892.jpg:[[('n03930313', 'picket_fence', 0.15243955), ('n03991062', 'pot', 0.1370279), ('n01833805', 'hummingbird', 0.13635407)]]
03902.jpg:[[('n03991062', 'pot', 0.7448034), ('n03930313', 'picket_fence', 0.030268785), ('n02281406', 'sulphur_butterfly', 0.022226458)]]
03912.jpg:[[('n03991062', 'pot', 0.45236066), ('n02206856', 'bee', 0.107188806), ('n03457902', 'greenhouse', 0.051146843)]]
03922.jpg:[[('n02280649', 'cabbage_butterfly', 0.34634146), ('n02206856', 'bee', 0.1720557), ('n03930313', 'picket_fence', 0.15409449)]]
03932.jpg:[[('n11939491', 'daisy', 0.9547939), ('n03991062', 'pot', 0.005196758), ('n04522168', 'vase', 0.003520945)]]
03942.jpg:[[('n11939491', 'daisy', 0.7786658), ('n07930864', 'cup', 0.028287033), ('n04522168', 'vase', 0.020382103)]]
03952.jpg:[[('n11939491', 'daisy', 0.4731174), ('n03991062', 'pot', 0.21862325), ('n02280649', 'cabbage_butterfly', 0.058077533)]]
03962.jpg:[[('n03991062', 'pot', 0.46025458), ('n04522168', 'vase', 0.24270025), ('n03457902', 'greenhouse', 0.07648506)]]
03972.jpg:[[('n07720875', 'bell_pepper', 0.31390077), ('n03991062', 'pot', 0.29491314), ('n07717556', 'butternut_squash', 0.14762606)]]
03982.jpg:[[('n11939491', 'daisy', 0.50776976), ('n03930313', 'picket_fence', 0.24220909), ('n04136333', 'sarong', 0.07928884)]]
03992.jpg:[[('n07718747', 'artichoke', 0.18157396), ('n01667778', 'terrapin', 0.17386356), ('n03929660', 'pick', 0.17218478)]]
04002.jpg:[[('n11939491', 'daisy', 0.15001896), ('n09332890', 'lakeside', 0.073507056), ('n02843684', 'birdhouse', 0.038638018)]]
04012.jpg:[[('n11939491', 'daisy', 0.53058094), ('n04522168', 'vase', 0.08944507), ('n03930313', 'picket_fence', 0.058927916)]]
04023.jpg:[[('n03991062', 'pot', 0.21605887), ('n02281406', 'sulphur_butterfly', 0.1371635), ('n04522168', 'vase', 0.11776877)]]
04034.jpg:[[('n04350905', 'suit', 0.51622206), ('n04591157', 'Windsor_tie', 0.18900661), ('n03630383', 'lab_coat', 0.16996722)]]